23-10-2018 11:53:48 Inicio
23-10-2018 11:54:02 Conectado a SAP -> Base Datos GENERAL_PRUEBAS
23-10-2018 11:54:02 Fin
23-10-2018 11:54:32 Inicio
23-10-2018 11:54:32 Conectado a SAP -> Base Datos GENERAL_PRUEBAS
23-10-2018 11:54:32 Fin
23-10-2018 11:55:02 Inicio
23-10-2018 11:55:03 Conectado a SAP -> Base Datos GENERAL_PRUEBAS
23-10-2018 11:55:03 Fin
23-10-2018 11:55:33 Inicio
23-10-2018 11:55:34 Conectado a SAP -> Base Datos GENERAL_PRUEBAS
23-10-2018 11:55:34 Fin
23-10-2018 11:56:04 Inicio
23-10-2018 11:56:04 Conectado a SAP -> Base Datos GENERAL_PRUEBAS
23-10-2018 11:56:04 Fin
23-10-2018 11:56:34 Inicio
23-10-2018 11:56:34 Conectado a SAP -> Base Datos GENERAL_PRUEBAS
23-10-2018 11:56:35 Fin
23-10-2018 11:57:05 Inicio
23-10-2018 11:57:05 Conectado a SAP -> Base Datos GENERAL_PRUEBAS
23-10-2018 11:57:05 Fin
23-10-2018 11:57:35 Inicio
23-10-2018 11:57:35 Conectado a SAP -> Base Datos GENERAL_PRUEBAS
23-10-2018 11:57:35 Fin
23-10-2018 12:00:04 Inicio
23-10-2018 12:00:14 Conectado a SAP -> Base Datos GENERAL_PRUEBAS
23-10-2018 12:08:57 Fin
23-10-2018 12:09:27 Inicio
23-10-2018 12:09:29 Conectado a SAP -> Base Datos GENERAL_PRUEBAS
23-10-2018 12:36:07 Fin
23-10-2018 18:57:09 Inicio
23-10-2018 18:57:25 Conectado a SAP -> Base Datos GENERAL_PRUEBAS
23-10-2018 18:59:34 Base ***GENERAL PRUEBAS*** - Tipo Documento 01 - Folio F001-0000293 - La Factura numero F001-190, ha sido aceptada
23-10-2018 18:59:40 Fin
23-10-2018 19:00:10 Inicio
23-10-2018 19:00:15 Conectado a SAP -> Base Datos GENERAL_PRUEBAS
23-10-2018 19:00:15 Fin
23-10-2018 19:00:45 Inicio
23-10-2018 19:00:47 Conectado a SAP -> Base Datos GENERAL_PRUEBAS
23-10-2018 19:00:47 Fin
23-10-2018 19:01:18 Inicio
23-10-2018 19:01:19 Conectado a SAP -> Base Datos GENERAL_PRUEBAS
23-10-2018 19:01:19 Fin
23-10-2018 19:01:49 Inicio
23-10-2018 19:01:49 Conectado a SAP -> Base Datos GENERAL_PRUEBAS
23-10-2018 19:01:49 Fin
23-10-2018 19:02:19 Inicio
23-10-2018 19:02:20 Conectado a SAP -> Base Datos GENERAL_PRUEBAS
23-10-2018 19:02:20 Fin
23-10-2018 19:02:50 Inicio
23-10-2018 19:02:50 Conectado a SAP -> Base Datos GENERAL_PRUEBAS
23-10-2018 19:02:50 Fin
23-10-2018 19:03:20 Inicio
23-10-2018 19:03:20 Conectado a SAP -> Base Datos GENERAL_PRUEBAS
23-10-2018 19:03:20 Fin
23-10-2018 19:03:50 Inicio
23-10-2018 19:03:51 Conectado a SAP -> Base Datos GENERAL_PRUEBAS
23-10-2018 19:03:51 Fin
23-10-2018 19:04:21 Inicio
23-10-2018 19:04:21 Conectado a SAP -> Base Datos GENERAL_PRUEBAS
23-10-2018 19:04:21 Fin
23-10-2018 19:04:51 Inicio
23-10-2018 19:04:52 Conectado a SAP -> Base Datos GENERAL_PRUEBAS
23-10-2018 19:04:52 Fin
23-10-2018 19:05:22 Inicio
23-10-2018 19:05:22 Conectado a SAP -> Base Datos GENERAL_PRUEBAS
23-10-2018 19:05:22 Fin
23-10-2018 19:05:52 Inicio
23-10-2018 19:05:58 Conectado a SAP -> Base Datos GENERAL_PRUEBAS
23-10-2018 19:05:58 Fin
23-10-2018 19:06:28 Inicio
23-10-2018 19:06:31 Conectado a SAP -> Base Datos GENERAL_PRUEBAS
23-10-2018 19:06:32 Fin
23-10-2018 19:07:02 Inicio
23-10-2018 19:07:02 Conectado a SAP -> Base Datos GENERAL_PRUEBAS
23-10-2018 19:07:02 Fin
23-10-2018 19:07:32 Inicio
23-10-2018 19:07:32 Conectado a SAP -> Base Datos GENERAL_PRUEBAS
23-10-2018 19:07:32 Fin
23-10-2018 19:08:02 Inicio
23-10-2018 19:08:03 Conectado a SAP -> Base Datos GENERAL_PRUEBAS
23-10-2018 19:08:03 Fin
23-10-2018 19:08:33 Inicio
23-10-2018 19:08:33 Conectado a SAP -> Base Datos GENERAL_PRUEBAS
23-10-2018 19:08:33 Fin
23-10-2018 19:09:03 Inicio
23-10-2018 19:09:03 Conectado a SAP -> Base Datos GENERAL_PRUEBAS
23-10-2018 19:09:03 Fin
23-10-2018 19:09:34 Inicio
23-10-2018 19:09:35 Conectado a SAP -> Base Datos GENERAL_PRUEBAS
23-10-2018 19:09:36 Fin
23-10-2018 19:10:06 Inicio
23-10-2018 19:10:06 Conectado a SAP -> Base Datos GENERAL_PRUEBAS
23-10-2018 19:10:06 Fin
23-10-2018 19:10:36 Inicio
23-10-2018 19:10:39 Conectado a SAP -> Base Datos GENERAL_PRUEBAS
23-10-2018 19:10:39 Fin
23-10-2018 19:11:09 Inicio
23-10-2018 19:11:09 Conectado a SAP -> Base Datos GENERAL_PRUEBAS
23-10-2018 19:11:09 Fin
23-10-2018 19:11:39 Inicio
23-10-2018 19:11:39 Conectado a SAP -> Base Datos GENERAL_PRUEBAS
23-10-2018 19:11:40 Fin
23-10-2018 19:12:10 Inicio
23-10-2018 19:12:10 Conectado a SAP -> Base Datos GENERAL_PRUEBAS
23-10-2018 19:12:10 Fin
23-10-2018 19:12:40 Inicio
23-10-2018 19:12:40 Conectado a SAP -> Base Datos GENERAL_PRUEBAS
23-10-2018 19:12:40 Fin
23-10-2018 19:13:11 Inicio
23-10-2018 19:13:11 Conectado a SAP -> Base Datos GENERAL_PRUEBAS
23-10-2018 19:13:11 Fin
23-10-2018 19:13:41 Inicio
23-10-2018 19:13:41 Conectado a SAP -> Base Datos GENERAL_PRUEBAS
23-10-2018 19:13:41 Fin
23-10-2018 19:14:11 Inicio
23-10-2018 19:14:12 Conectado a SAP -> Base Datos GENERAL_PRUEBAS
23-10-2018 19:14:12 Fin
23-10-2018 19:14:42 Inicio
23-10-2018 19:14:42 Conectado a SAP -> Base Datos GENERAL_PRUEBAS
23-10-2018 19:14:42 Fin
23-10-2018 19:31:58 Inicio
23-10-2018 19:32:04 Conectado a SAP -> Base Datos GENERAL_PRUEBAS
23-10-2018 19:33:59 Err base ***GENERAL PRUEBAS*** -> documento 01 folio 293 - No se encuentra el registro de fin de directorio central., StackTrace    en System.IO.Compression.ZipArchive.ReadEndOfCentralDirectory()
   en System.IO.Compression.ZipArchive.Init(Stream stream, ZipArchiveMode mode, Boolean leaveOpen)
   en System.IO.Compression.ZipArchive..ctor(Stream stream, ZipArchiveMode mode, Boolean leaveOpen, Encoding entryNameEncoding)
   en System.IO.Compression.ZipArchive..ctor(Stream stream, ZipArchiveMode mode)
   en Servicio_Estado_DTE.Service1.Tratarcdrziptrama(String trama) en c:\Users\ajose\Documents\VisualK\Proyectos\Factura Electronica VK Peru\Servicio Estado Peru\Servicio Estado DTE\Service1.cs:línea 235
   en Servicio_Estado_DTE.Service1.ConsultarOPGetEstado(String UserWS, String PassWS, String CompnyName) en c:\Users\ajose\Documents\VisualK\Proyectos\Factura Electronica VK Peru\Servicio Estado Peru\Servicio Estado DTE\Service1.cs:línea 414
23-10-2018 19:35:10 Fin
23-10-2018 19:41:01 Inicio
23-10-2018 19:41:06 Conectado a SAP -> Base Datos GENERAL_PRUEBAS
23-10-2018 19:41:07 Err base ***GENERAL PRUEBAS*** -> documento 01 folio 293 - No se encuentra el registro de fin de directorio central., StackTrace    en System.IO.Compression.ZipArchive.ReadEndOfCentralDirectory()
   en System.IO.Compression.ZipArchive.Init(Stream stream, ZipArchiveMode mode, Boolean leaveOpen)
   en System.IO.Compression.ZipArchive..ctor(Stream stream, ZipArchiveMode mode, Boolean leaveOpen, Encoding entryNameEncoding)
   en System.IO.Compression.ZipArchive..ctor(Stream stream, ZipArchiveMode mode)
   en Servicio_Estado_DTE.Service1.Tratarcdrziptrama(String trama) en c:\Users\ajose\Documents\VisualK\Proyectos\Factura Electronica VK Peru\Servicio Estado Peru\Servicio Estado DTE\Service1.cs:línea 235
   en Servicio_Estado_DTE.Service1.ConsultarOPGetEstado(String UserWS, String PassWS, String CompnyName) en c:\Users\ajose\Documents\VisualK\Proyectos\Factura Electronica VK Peru\Servicio Estado Peru\Servicio Estado DTE\Service1.cs:línea 414
23-10-2018 19:41:07 Fin
23-10-2018 19:41:37 Inicio
23-10-2018 19:41:37 Conectado a SAP -> Base Datos GENERAL_PRUEBAS
23-10-2018 19:41:37 Err base ***GENERAL PRUEBAS*** -> documento 01 folio 293 - No se encuentra el registro de fin de directorio central., StackTrace    en System.IO.Compression.ZipArchive.ReadEndOfCentralDirectory()
   en System.IO.Compression.ZipArchive.Init(Stream stream, ZipArchiveMode mode, Boolean leaveOpen)
   en System.IO.Compression.ZipArchive..ctor(Stream stream, ZipArchiveMode mode, Boolean leaveOpen, Encoding entryNameEncoding)
   en System.IO.Compression.ZipArchive..ctor(Stream stream, ZipArchiveMode mode)
   en Servicio_Estado_DTE.Service1.Tratarcdrziptrama(String trama) en c:\Users\ajose\Documents\VisualK\Proyectos\Factura Electronica VK Peru\Servicio Estado Peru\Servicio Estado DTE\Service1.cs:línea 235
   en Servicio_Estado_DTE.Service1.ConsultarOPGetEstado(String UserWS, String PassWS, String CompnyName) en c:\Users\ajose\Documents\VisualK\Proyectos\Factura Electronica VK Peru\Servicio Estado Peru\Servicio Estado DTE\Service1.cs:línea 414
23-10-2018 19:41:37 Fin
23-10-2018 19:42:07 Inicio
23-10-2018 19:42:08 Conectado a SAP -> Base Datos GENERAL_PRUEBAS
23-10-2018 19:42:08 Err base ***GENERAL PRUEBAS*** -> documento 01 folio 293 - No se encuentra el registro de fin de directorio central., StackTrace    en System.IO.Compression.ZipArchive.ReadEndOfCentralDirectory()
   en System.IO.Compression.ZipArchive.Init(Stream stream, ZipArchiveMode mode, Boolean leaveOpen)
   en System.IO.Compression.ZipArchive..ctor(Stream stream, ZipArchiveMode mode, Boolean leaveOpen, Encoding entryNameEncoding)
   en System.IO.Compression.ZipArchive..ctor(Stream stream, ZipArchiveMode mode)
   en Servicio_Estado_DTE.Service1.Tratarcdrziptrama(String trama) en c:\Users\ajose\Documents\VisualK\Proyectos\Factura Electronica VK Peru\Servicio Estado Peru\Servicio Estado DTE\Service1.cs:línea 235
   en Servicio_Estado_DTE.Service1.ConsultarOPGetEstado(String UserWS, String PassWS, String CompnyName) en c:\Users\ajose\Documents\VisualK\Proyectos\Factura Electronica VK Peru\Servicio Estado Peru\Servicio Estado DTE\Service1.cs:línea 414
23-10-2018 19:42:08 Fin
23-10-2018 19:42:38 Inicio
23-10-2018 19:42:38 Conectado a SAP -> Base Datos GENERAL_PRUEBAS
23-10-2018 19:42:39 Err base ***GENERAL PRUEBAS*** -> documento 01 folio 293 - No se encuentra el registro de fin de directorio central., StackTrace    en System.IO.Compression.ZipArchive.ReadEndOfCentralDirectory()
   en System.IO.Compression.ZipArchive.Init(Stream stream, ZipArchiveMode mode, Boolean leaveOpen)
   en System.IO.Compression.ZipArchive..ctor(Stream stream, ZipArchiveMode mode, Boolean leaveOpen, Encoding entryNameEncoding)
   en System.IO.Compression.ZipArchive..ctor(Stream stream, ZipArchiveMode mode)
   en Servicio_Estado_DTE.Service1.Tratarcdrziptrama(String trama) en c:\Users\ajose\Documents\VisualK\Proyectos\Factura Electronica VK Peru\Servicio Estado Peru\Servicio Estado DTE\Service1.cs:línea 235
   en Servicio_Estado_DTE.Service1.ConsultarOPGetEstado(String UserWS, String PassWS, String CompnyName) en c:\Users\ajose\Documents\VisualK\Proyectos\Factura Electronica VK Peru\Servicio Estado Peru\Servicio Estado DTE\Service1.cs:línea 414
23-10-2018 19:42:39 Fin
23-10-2018 19:43:09 Inicio
23-10-2018 19:43:09 Conectado a SAP -> Base Datos GENERAL_PRUEBAS
23-10-2018 19:43:10 Err base ***GENERAL PRUEBAS*** -> documento 01 folio 293 - No se encuentra el registro de fin de directorio central., StackTrace    en System.IO.Compression.ZipArchive.ReadEndOfCentralDirectory()
   en System.IO.Compression.ZipArchive.Init(Stream stream, ZipArchiveMode mode, Boolean leaveOpen)
   en System.IO.Compression.ZipArchive..ctor(Stream stream, ZipArchiveMode mode, Boolean leaveOpen, Encoding entryNameEncoding)
   en System.IO.Compression.ZipArchive..ctor(Stream stream, ZipArchiveMode mode)
   en Servicio_Estado_DTE.Service1.Tratarcdrziptrama(String trama) en c:\Users\ajose\Documents\VisualK\Proyectos\Factura Electronica VK Peru\Servicio Estado Peru\Servicio Estado DTE\Service1.cs:línea 235
   en Servicio_Estado_DTE.Service1.ConsultarOPGetEstado(String UserWS, String PassWS, String CompnyName) en c:\Users\ajose\Documents\VisualK\Proyectos\Factura Electronica VK Peru\Servicio Estado Peru\Servicio Estado DTE\Service1.cs:línea 414
23-10-2018 19:43:10 Fin
23-10-2018 19:44:19 Inicio
23-10-2018 19:44:24 Conectado a SAP -> Base Datos GENERAL_PRUEBAS
23-10-2018 19:44:56 Err base ***GENERAL PRUEBAS*** -> documento 01 folio 293 - No se encuentra el registro de fin de directorio central., StackTrace    en System.IO.Compression.ZipArchive.ReadEndOfCentralDirectory()
   en System.IO.Compression.ZipArchive.Init(Stream stream, ZipArchiveMode mode, Boolean leaveOpen)
   en System.IO.Compression.ZipArchive..ctor(Stream stream, ZipArchiveMode mode, Boolean leaveOpen, Encoding entryNameEncoding)
   en System.IO.Compression.ZipArchive..ctor(Stream stream, ZipArchiveMode mode)
   en Servicio_Estado_DTE.Service1.Tratarcdrziptrama(String trama) en c:\Users\ajose\Documents\VisualK\Proyectos\Factura Electronica VK Peru\Servicio Estado Peru\Servicio Estado DTE\Service1.cs:línea 235
   en Servicio_Estado_DTE.Service1.ConsultarOPGetEstado(String UserWS, String PassWS, String CompnyName) en c:\Users\ajose\Documents\VisualK\Proyectos\Factura Electronica VK Peru\Servicio Estado Peru\Servicio Estado DTE\Service1.cs:línea 415
23-10-2018 19:44:56 Fin
23-10-2018 19:57:40 Inicio
23-10-2018 19:57:46 Conectado a SAP -> Base Datos GENERAL_PRUEBAS
23-10-2018 19:58:16 Err base ***GENERAL PRUEBAS*** -> documento 01 folio 293 - No se encuentra el registro de fin de directorio central., StackTrace    en System.IO.Compression.ZipArchive.ReadEndOfCentralDirectory()
   en System.IO.Compression.ZipArchive.Init(Stream stream, ZipArchiveMode mode, Boolean leaveOpen)
   en System.IO.Compression.ZipArchive..ctor(Stream stream, ZipArchiveMode mode, Boolean leaveOpen, Encoding entryNameEncoding)
   en System.IO.Compression.ZipArchive..ctor(Stream stream, ZipArchiveMode mode)
   en Servicio_Estado_DTE.Service1.Tratarcdrziptrama(String trama) en c:\Users\ajose\Documents\VisualK\Proyectos\Factura Electronica VK Peru\Servicio Estado Peru\Servicio Estado DTE\Service1.cs:línea 236
   en Servicio_Estado_DTE.Service1.ConsultarOPGetEstado(String UserWS, String PassWS, String CompnyName) en c:\Users\ajose\Documents\VisualK\Proyectos\Factura Electronica VK Peru\Servicio Estado Peru\Servicio Estado DTE\Service1.cs:línea 416
23-10-2018 19:58:19 Fin
23-10-2018 20:02:41 Inicio
23-10-2018 20:02:46 Conectado a SAP -> Base Datos GENERAL_PRUEBAS
23-10-2018 20:03:23 Err base ***GENERAL PRUEBAS*** -> documento 01 folio 293 - No se encuentra el registro de fin de directorio central., StackTrace    en System.IO.Compression.ZipArchive.ReadEndOfCentralDirectory()
   en System.IO.Compression.ZipArchive.Init(Stream stream, ZipArchiveMode mode, Boolean leaveOpen)
   en System.IO.Compression.ZipArchive..ctor(Stream stream, ZipArchiveMode mode, Boolean leaveOpen, Encoding entryNameEncoding)
   en System.IO.Compression.ZipArchive..ctor(Stream stream)
   en Servicio_Estado_DTE.Service1.Tratarcdrziptrama(String trama) en c:\Users\ajose\Documents\VisualK\Proyectos\Factura Electronica VK Peru\Servicio Estado Peru\Servicio Estado DTE\Service1.cs:línea 236
   en Servicio_Estado_DTE.Service1.ConsultarOPGetEstado(String UserWS, String PassWS, String CompnyName) en c:\Users\ajose\Documents\VisualK\Proyectos\Factura Electronica VK Peru\Servicio Estado Peru\Servicio Estado DTE\Service1.cs:línea 415
23-10-2018 20:03:25 Fin
