09-10-2018 17:02:30 Inicio
09-10-2018 17:02:44 Conectado a SAP -> Base Datos GENERAL_PRUEBAS
09-10-2018 17:02:50 Err base ***GENERAL PRUEBAS*** -> documento 01 folio 283 - Referencia a objeto no establecida como instancia de un objeto., StackTrace    en Servicio_Estado_DTE.Service1.ConsultarOPGetEstado(String UserWS, String PassWS, String CompnyName) en c:\Users\ajose\Documents\VisualK\Proyectos\Factura Electronica VK Peru\Servicio Estado Peru\Servicio Estado DTE\Service1.cs:línea 340
09-10-2018 17:02:50 Fin
09-10-2018 17:04:33 Inicio
09-10-2018 17:05:06 Conectado a SAP -> Base Datos GENERAL_PRUEBAS
09-10-2018 17:07:47 Err base ***GENERAL PRUEBAS*** -> documento 01 folio 283 - Referencia a objeto no establecida como instancia de un objeto., StackTrace    en Servicio_Estado_DTE.Service1.ConsultarOPGetEstado(String UserWS, String PassWS, String CompnyName) en c:\Users\ajose\Documents\VisualK\Proyectos\Factura Electronica VK Peru\Servicio Estado Peru\Servicio Estado DTE\Service1.cs:línea 340
09-10-2018 17:07:47 Fin
09-10-2018 17:11:06 Inicio
09-10-2018 17:11:28 Conectado a SAP -> Base Datos GENERAL_PRUEBAS
09-10-2018 17:12:47 Err base ***GENERAL PRUEBAS*** -> documento 01 folio 283 - No se puede realizar enlace en tiempo de ejecución en una referencia NULL., StackTrace    en CallSite.Target(Closure , CallSite , Object )
   en System.Dynamic.UpdateDelegates.UpdateAndExecute1[T0,TRet](CallSite site, T0 arg0)
   en Servicio_Estado_DTE.Service1.ConsultarOPGetEstado(String UserWS, String PassWS, String CompnyName) en c:\Users\ajose\Documents\VisualK\Proyectos\Factura Electronica VK Peru\Servicio Estado Peru\Servicio Estado DTE\Service1.cs:línea 346
09-10-2018 17:12:47 Fin
09-10-2018 17:13:02 Inicio
09-10-2018 17:13:03 Conectado a SAP -> Base Datos GENERAL_PRUEBAS
09-10-2018 17:13:05 Err base ***GENERAL PRUEBAS*** -> documento 01 folio 283 - No se puede realizar enlace en tiempo de ejecución en una referencia NULL., StackTrace    en CallSite.Target(Closure , CallSite , Object )
   en Servicio_Estado_DTE.Service1.ConsultarOPGetEstado(String UserWS, String PassWS, String CompnyName) en c:\Users\ajose\Documents\VisualK\Proyectos\Factura Electronica VK Peru\Servicio Estado Peru\Servicio Estado DTE\Service1.cs:línea 346
09-10-2018 17:13:05 Fin
09-10-2018 18:06:00 Inicio
09-10-2018 18:06:18 Conectado a SAP -> Base Datos GENERAL_PRUEBAS
09-10-2018 18:07:54 Base ***GENERAL PRUEBAS*** - Tipo Documento 01 - Folio F001-0000283 - La Factura numero F001-190, ha sido aceptada
09-10-2018 18:12:36 Actualizar tabla FELOG: '' is not a valid value for property 'U_Status'. The valid values are: 'EC' - 'Enviado Correctamente',  'EE' - 'Enviado con Error',  'RR' - 'Aceptado',  'RZ' - 'Rechazado',  'DB' - 'Dado de Baja' ** Trace:    en SAPbobsCOM.GeneralDataClass.SetProperty(String bstrPropertyName, Object vtValue)
   en Servicio_Estado_DTE.Service1.FELOGUptM(Int32 DocEntry, Double DocEntryDoc, String ObjType, String SubType, String SeriePE, Double FolioNum, String Status, String sMessage, String TipoDoc, String UserCode, String JsonText, String Id, String Validation, DateTime DocDate, String ExternalFolio) en c:\Users\ajose\Documents\VisualK\Proyectos\Factura Electronica VK Peru\Servicio Estado Peru\Servicio Estado DTE\Service1.cs:línea 858
09-10-2018 18:13:23 Error al actualizar Log de Documento Electronico, base ***GENERAL PRUEBAS*** -> TipoDoc 01 283
09-10-2018 18:13:23 Fin
09-10-2018 18:38:50 Inicio
09-10-2018 18:38:57 Conectado a SAP -> Base Datos GENERAL_PRUEBAS
09-10-2018 18:39:36 Base ***GENERAL PRUEBAS*** - Tipo Documento 01 - Folio F001-0000283 - La Factura numero F001-190, ha sido aceptada
09-10-2018 18:56:40 Fin
09-10-2018 18:57:25 Inicio
09-10-2018 18:57:26 Conectado a SAP -> Base Datos GENERAL_PRUEBAS
09-10-2018 18:57:26 Fin
09-10-2018 18:58:11 Inicio
09-10-2018 18:58:12 Conectado a SAP -> Base Datos GENERAL_PRUEBAS
09-10-2018 18:58:12 Fin
09-10-2018 18:58:57 Inicio
09-10-2018 18:58:58 Conectado a SAP -> Base Datos GENERAL_PRUEBAS
09-10-2018 18:58:58 Fin
09-10-2018 18:59:43 Inicio
09-10-2018 18:59:43 Conectado a SAP -> Base Datos GENERAL_PRUEBAS
09-10-2018 18:59:44 Fin
09-10-2018 19:00:29 Inicio
09-10-2018 19:00:29 Conectado a SAP -> Base Datos GENERAL_PRUEBAS
09-10-2018 19:00:29 Fin
09-10-2018 19:01:14 Inicio
09-10-2018 19:01:15 Conectado a SAP -> Base Datos GENERAL_PRUEBAS
09-10-2018 19:01:15 Fin
09-10-2018 19:02:00 Inicio
09-10-2018 19:02:00 Conectado a SAP -> Base Datos GENERAL_PRUEBAS
09-10-2018 19:02:00 Fin
09-10-2018 19:02:45 Inicio
09-10-2018 19:02:48 Conectado a SAP -> Base Datos GENERAL_PRUEBAS
09-10-2018 19:02:48 Fin
09-10-2018 19:03:32 Inicio
09-10-2018 19:03:32 Conectado a SAP -> Base Datos GENERAL_PRUEBAS
09-10-2018 19:03:32 Fin
09-10-2018 19:04:06 Inicio
09-10-2018 19:04:06 Conectado a SAP -> Base Datos GENERAL_PRUEBAS
09-10-2018 19:04:06 Fin
09-10-2018 19:04:31 Inicio
09-10-2018 19:04:31 Conectado a SAP -> Base Datos GENERAL_PRUEBAS
09-10-2018 19:04:31 Fin
09-10-2018 19:04:57 Inicio
09-10-2018 19:04:58 Conectado a SAP -> Base Datos GENERAL_PRUEBAS
09-10-2018 19:04:58 Fin
09-10-2018 19:05:28 Inicio
09-10-2018 19:05:28 Conectado a SAP -> Base Datos GENERAL_PRUEBAS
09-10-2018 19:05:28 Fin
09-10-2018 19:05:59 Inicio
09-10-2018 19:05:59 Conectado a SAP -> Base Datos GENERAL_PRUEBAS
09-10-2018 19:06:00 Fin
09-10-2018 19:06:29 Inicio
09-10-2018 19:06:29 Conectado a SAP -> Base Datos GENERAL_PRUEBAS
09-10-2018 19:06:29 Fin
09-10-2018 19:06:59 Inicio
09-10-2018 19:06:59 Conectado a SAP -> Base Datos GENERAL_PRUEBAS
09-10-2018 19:06:59 Fin
09-10-2018 19:07:29 Inicio
09-10-2018 19:07:30 Conectado a SAP -> Base Datos GENERAL_PRUEBAS
09-10-2018 19:07:30 Fin
09-10-2018 19:08:00 Inicio
09-10-2018 19:08:00 Conectado a SAP -> Base Datos GENERAL_PRUEBAS
09-10-2018 19:08:00 Fin
09-10-2018 19:08:30 Inicio
09-10-2018 19:08:30 Conectado a SAP -> Base Datos GENERAL_PRUEBAS
09-10-2018 19:08:30 Fin
09-10-2018 19:09:00 Inicio
09-10-2018 19:09:01 Conectado a SAP -> Base Datos GENERAL_PRUEBAS
09-10-2018 19:09:01 Fin
09-10-2018 19:09:31 Inicio
09-10-2018 19:09:31 Conectado a SAP -> Base Datos GENERAL_PRUEBAS
09-10-2018 19:09:31 Fin
09-10-2018 19:10:01 Inicio
09-10-2018 19:10:02 Conectado a SAP -> Base Datos GENERAL_PRUEBAS
09-10-2018 19:10:02 Fin
09-10-2018 19:10:32 Inicio
09-10-2018 19:10:32 Conectado a SAP -> Base Datos GENERAL_PRUEBAS
09-10-2018 19:10:32 Fin
09-10-2018 19:11:02 Inicio
09-10-2018 19:11:02 Conectado a SAP -> Base Datos GENERAL_PRUEBAS
09-10-2018 19:11:02 Fin
09-10-2018 19:11:32 Inicio
09-10-2018 19:11:33 Conectado a SAP -> Base Datos GENERAL_PRUEBAS
09-10-2018 19:11:33 Fin
09-10-2018 19:12:03 Inicio
09-10-2018 19:12:03 Conectado a SAP -> Base Datos GENERAL_PRUEBAS
09-10-2018 19:12:03 Fin
09-10-2018 19:12:33 Inicio
09-10-2018 19:12:33 Conectado a SAP -> Base Datos GENERAL_PRUEBAS
09-10-2018 19:12:33 Fin
09-10-2018 19:13:03 Inicio
09-10-2018 19:13:04 Conectado a SAP -> Base Datos GENERAL_PRUEBAS
09-10-2018 19:13:04 Fin
09-10-2018 19:13:34 Inicio
09-10-2018 19:13:34 Conectado a SAP -> Base Datos GENERAL_PRUEBAS
09-10-2018 19:13:34 Fin
09-10-2018 19:14:04 Inicio
09-10-2018 19:14:04 Conectado a SAP -> Base Datos GENERAL_PRUEBAS
09-10-2018 19:14:04 Fin
09-10-2018 19:14:34 Inicio
09-10-2018 19:14:35 Conectado a SAP -> Base Datos GENERAL_PRUEBAS
09-10-2018 19:14:35 Fin
09-10-2018 19:15:05 Inicio
09-10-2018 19:15:05 Conectado a SAP -> Base Datos GENERAL_PRUEBAS
09-10-2018 19:15:05 Fin
09-10-2018 19:15:35 Inicio
09-10-2018 19:15:35 Conectado a SAP -> Base Datos GENERAL_PRUEBAS
09-10-2018 19:15:35 Fin
09-10-2018 19:16:05 Inicio
09-10-2018 19:16:06 Conectado a SAP -> Base Datos GENERAL_PRUEBAS
09-10-2018 19:16:06 Fin
09-10-2018 19:16:36 Inicio
09-10-2018 19:16:36 Conectado a SAP -> Base Datos GENERAL_PRUEBAS
09-10-2018 19:16:36 Fin
09-10-2018 19:17:06 Inicio
09-10-2018 19:17:06 Conectado a SAP -> Base Datos GENERAL_PRUEBAS
09-10-2018 19:17:06 Fin
09-10-2018 19:17:36 Inicio
09-10-2018 19:17:37 Conectado a SAP -> Base Datos GENERAL_PRUEBAS
09-10-2018 19:17:37 Fin
09-10-2018 19:18:07 Inicio
09-10-2018 19:18:07 Conectado a SAP -> Base Datos GENERAL_PRUEBAS
09-10-2018 19:18:07 Fin
09-10-2018 19:18:37 Inicio
09-10-2018 19:18:37 Conectado a SAP -> Base Datos GENERAL_PRUEBAS
09-10-2018 19:18:37 Fin
09-10-2018 19:19:07 Inicio
09-10-2018 19:19:08 Conectado a SAP -> Base Datos GENERAL_PRUEBAS
09-10-2018 19:19:08 Fin
09-10-2018 19:19:38 Inicio
09-10-2018 19:19:38 Conectado a SAP -> Base Datos GENERAL_PRUEBAS
09-10-2018 19:19:38 Fin
09-10-2018 19:20:08 Inicio
09-10-2018 19:20:08 Conectado a SAP -> Base Datos GENERAL_PRUEBAS
09-10-2018 19:20:08 Fin
09-10-2018 19:20:38 Inicio
09-10-2018 19:20:39 Conectado a SAP -> Base Datos GENERAL_PRUEBAS
09-10-2018 19:20:39 Fin
09-10-2018 19:21:09 Inicio
09-10-2018 19:21:09 Conectado a SAP -> Base Datos GENERAL_PRUEBAS
09-10-2018 19:21:09 Fin
09-10-2018 19:21:39 Inicio
09-10-2018 19:21:40 Conectado a SAP -> Base Datos GENERAL_PRUEBAS
09-10-2018 19:21:40 Fin
09-10-2018 19:22:09 Inicio
09-10-2018 19:22:09 Conectado a SAP -> Base Datos GENERAL_PRUEBAS
09-10-2018 19:22:09 Fin
09-10-2018 19:22:43 Inicio
09-10-2018 19:22:43 Conectado a SAP -> Base Datos GENERAL_PRUEBAS
09-10-2018 19:22:43 Fin
09-10-2018 19:23:09 Inicio
09-10-2018 19:23:09 Conectado a SAP -> Base Datos GENERAL_PRUEBAS
09-10-2018 19:23:09 Fin
09-10-2018 19:23:33 Inicio
09-10-2018 19:23:41 Conectado a SAP -> Base Datos GENERAL_PRUEBAS
09-10-2018 19:23:41 Fin
09-10-2018 19:24:13 Inicio
09-10-2018 19:24:15 Conectado a SAP -> Base Datos GENERAL_PRUEBAS
09-10-2018 19:24:15 Fin
09-10-2018 19:24:40 Inicio
09-10-2018 19:24:40 Conectado a SAP -> Base Datos GENERAL_PRUEBAS
09-10-2018 19:24:40 Fin
09-10-2018 19:25:03 Inicio
09-10-2018 19:25:03 Conectado a SAP -> Base Datos GENERAL_PRUEBAS
09-10-2018 19:25:03 Fin
09-10-2018 19:25:34 Inicio
09-10-2018 19:25:34 Conectado a SAP -> Base Datos GENERAL_PRUEBAS
09-10-2018 19:25:34 Fin
09-10-2018 19:26:14 Inicio
09-10-2018 19:26:15 Conectado a SAP -> Base Datos GENERAL_PRUEBAS
09-10-2018 19:26:15 Fin
09-10-2018 19:26:49 Inicio
09-10-2018 19:26:49 Conectado a SAP -> Base Datos GENERAL_PRUEBAS
09-10-2018 19:26:49 Fin
09-10-2018 19:27:17 Inicio
09-10-2018 19:27:17 Conectado a SAP -> Base Datos GENERAL_PRUEBAS
09-10-2018 19:27:17 Fin
09-10-2018 19:27:53 Inicio
09-10-2018 19:27:53 Conectado a SAP -> Base Datos GENERAL_PRUEBAS
09-10-2018 19:27:53 Fin
09-10-2018 19:28:35 Inicio
09-10-2018 19:28:35 Conectado a SAP -> Base Datos GENERAL_PRUEBAS
09-10-2018 19:28:35 Fin
