23-07-2018 11:19:30 [TMainClassExt] 
23-07-2018 11:19:30 [TMainClassExt] Iniciando...
23-07-2018 11:19:30 [TMainClassExt] 
23-07-2018 11:19:31 [TMainClassExt] InitApp: aplicacion...
23-07-2018 11:19:31 [TMainClassExt] ConectarApplication
23-07-2018 11:19:31 [TMainClassExt] ConnectString: 0030002C0030002C00530041005000420044005F00440061007400650076002C0050004C006F006D0056004900490056
23-07-2018 11:19:46 [TMainClassExt] InitApp: Estructura de datos - SHA1
23-07-2018 11:19:46 [TMainClassExt] SHA1 EDSHA1.xls[l3WiVuQQFESO8H5GNN0JHJi2Fus=]
23-07-2018 11:19:46 [TMainClassExt] SHA1 EDM.xls[HBL4vyseJwAQYUlIPmE5V1R+3Mc=]
23-07-2018 11:19:46 [TMainClassExt] SHA1 EDRPKEY.xls[AZf335/9HD3a7QK20m+oUcM9h1E=]
23-07-2018 11:20:23 [TMainClassExt] 
23-07-2018 11:20:23 [TMainClassExt] Iniciando...
23-07-2018 11:20:23 [TMainClassExt] 
23-07-2018 11:20:24 [TMainClassExt] InitApp: aplicacion...
23-07-2018 11:20:24 [TMainClassExt] ConectarApplication
23-07-2018 11:20:24 [TMainClassExt] ConnectString: 0030002C0030002C00530041005000420044005F00440061007400650076002C0050004C006F006D0056004900490056
23-07-2018 11:20:32 [TMainClassExt] InitApp: Estructura de datos - SHA1
23-07-2018 11:20:32 [TMainClassExt] SHA1 EDSHA1.xls[l3WiVuQQFESO8H5GNN0JHJi2Fus=]
23-07-2018 11:20:32 [TMainClassExt] SHA1 EDM.xls[HBL4vyseJwAQYUlIPmE5V1R+3Mc=]
23-07-2018 11:20:32 [TMainClassExt] SHA1 EDRPKEY.xls[AZf335/9HD3a7QK20m+oUcM9h1E=]
26-07-2018 11:51:18 [TMainClassExt] 
26-07-2018 11:51:18 [TMainClassExt] Iniciando...
26-07-2018 11:51:18 [TMainClassExt] 
26-07-2018 11:51:19 [TMainClassExt] InitApp: aplicacion...
26-07-2018 11:51:19 [TMainClassExt] ConectarApplication
26-07-2018 11:51:19 [TMainClassExt] ConnectString: 0030002C0030002C00530041005000420044005F00440061007400650076002C0050004C006F006D0056004900490056
26-07-2018 11:51:27 [TMainClassExt] InitApp: Estructura de datos - SHA1
26-07-2018 11:51:27 [TMainClassExt] SHA1 EDSHA1.xls[l3WiVuQQFESO8H5GNN0JHJi2Fus=]
26-07-2018 11:51:27 [TMainClassExt] SHA1 EDM.xls[HBL4vyseJwAQYUlIPmE5V1R+3Mc=]
26-07-2018 11:51:28 [TMainClassExt] SHA1 EDRPKEY.xls[AZf335/9HD3a7QK20m+oUcM9h1E=]
23-08-2018 06:40:32 [TMainClassExt] 
23-08-2018 06:40:32 [TMainClassExt] Iniciando...
23-08-2018 06:40:32 [TMainClassExt] 
23-08-2018 06:40:33 [TMainClassExt] InitApp: aplicacion...
23-08-2018 06:40:33 [TMainClassExt] ConectarApplication
23-08-2018 06:40:33 [TMainClassExt] ConnectString: 0030002C0030002C00530041005000420044005F00440061007400650076002C0050004C006F006D0056004900490056
23-08-2018 06:40:48 [TMainClassExt] InitApp: Estructura de datos - SHA1
23-08-2018 06:40:48 [TMainClassExt] SHA1 EDSHA1.xls[l3WiVuQQFESO8H5GNN0JHJi2Fus=]
23-08-2018 06:40:48 [TMainClassExt] SHA1 EDM.xls[HBL4vyseJwAQYUlIPmE5V1R+3Mc=]
23-08-2018 06:40:48 [TMainClassExt] SHA1 EDRPKEY.xls[AZf335/9HD3a7QK20m+oUcM9h1E=]
23-08-2018 06:57:19 [TMainClassExt] 
23-08-2018 06:57:19 [TMainClassExt] Iniciando...
23-08-2018 06:57:19 [TMainClassExt] 
23-08-2018 06:57:20 [TMainClassExt] InitApp: aplicacion...
23-08-2018 06:57:20 [TMainClassExt] ConectarApplication
23-08-2018 06:57:21 [TMainClassExt] ConnectString: 0030002C0030002C00530041005000420044005F00440061007400650076002C0050004C006F006D0056004900490056
23-08-2018 06:57:28 [TMainClassExt] InitApp: Estructura de datos - SHA1
23-08-2018 06:57:29 [TMainClassExt] SHA1 EDSHA1.xls[l3WiVuQQFESO8H5GNN0JHJi2Fus=]
23-08-2018 06:57:29 [TMainClassExt] SHA1 EDM.xls[HBL4vyseJwAQYUlIPmE5V1R+3Mc=]
23-08-2018 06:57:29 [TMainClassExt] SHA1 EDRPKEY.xls[AZf335/9HD3a7QK20m+oUcM9h1E=]
23-08-2018 07:17:54 [TMainClassExt] 
23-08-2018 07:17:54 [TMainClassExt] Iniciando...
23-08-2018 07:17:54 [TMainClassExt] 
23-08-2018 07:17:55 [TMainClassExt] InitApp: aplicacion...
23-08-2018 07:17:55 [TMainClassExt] ConectarApplication
23-08-2018 07:17:55 [TMainClassExt] ConnectString: 0030002C0030002C00530041005000420044005F00440061007400650076002C0050004C006F006D0056004900490056
23-08-2018 07:18:02 [TMainClassExt] InitApp: Estructura de datos - SHA1
23-08-2018 07:18:02 [TMainClassExt] SHA1 EDSHA1.xls[l3WiVuQQFESO8H5GNN0JHJi2Fus=]
23-08-2018 07:18:02 [TMainClassExt] SHA1 EDM.xls[HBL4vyseJwAQYUlIPmE5V1R+3Mc=]
23-08-2018 07:18:02 [TMainClassExt] SHA1 EDRPKEY.xls[AZf335/9HD3a7QK20m+oUcM9h1E=]
23-08-2018 07:27:24 [TMainClassExt] 
23-08-2018 07:27:24 [TMainClassExt] Iniciando...
23-08-2018 07:27:24 [TMainClassExt] 
23-08-2018 07:27:25 [TMainClassExt] InitApp: aplicacion...
23-08-2018 07:27:25 [TMainClassExt] ConectarApplication
23-08-2018 07:27:25 [TMainClassExt] ConnectString: 0030002C0030002C00530041005000420044005F00440061007400650076002C0050004C006F006D0056004900490056
23-08-2018 07:27:31 [TMainClassExt] InitApp: Estructura de datos - SHA1
23-08-2018 07:27:32 [TMainClassExt] SHA1 EDSHA1.xls[l3WiVuQQFESO8H5GNN0JHJi2Fus=]
23-08-2018 07:27:32 [TMainClassExt] SHA1 EDM.xls[HBL4vyseJwAQYUlIPmE5V1R+3Mc=]
23-08-2018 07:27:32 [TMainClassExt] SHA1 EDRPKEY.xls[AZf335/9HD3a7QK20m+oUcM9h1E=]
29-08-2018 12:15:53 [TMainClassExt] 
29-08-2018 12:15:53 [TMainClassExt] Iniciando...
29-08-2018 12:15:53 [TMainClassExt] 
29-08-2018 12:15:54 [TMainClassExt] InitApp: aplicacion...
29-08-2018 12:15:54 [TMainClassExt] ConectarApplication
29-08-2018 12:15:54 [TMainClassExt] ConnectString: 0030002C0030002C00530041005000420044005F00440061007400650076002C0050004C006F006D0056004900490056
29-08-2018 12:16:20 [TMainClassExt] InitApp: Estructura de datos - SHA1
29-08-2018 12:16:20 [TMainClassExt] SHA1 EDSHA1.xls[l3WiVuQQFESO8H5GNN0JHJi2Fus=]
29-08-2018 12:16:20 [TMainClassExt] SHA1 EDM.xls[HBL4vyseJwAQYUlIPmE5V1R+3Mc=]
29-08-2018 12:16:20 [TMainClassExt] SHA1 EDRPKEY.xls[AZf335/9HD3a7QK20m+oUcM9h1E=]
29-08-2018 01:13:58 [TMainClassExt] 
29-08-2018 01:13:58 [TMainClassExt] Iniciando...
29-08-2018 01:13:58 [TMainClassExt] 
29-08-2018 01:13:59 [TMainClassExt] InitApp: aplicacion...
29-08-2018 01:13:59 [TMainClassExt] ConectarApplication
29-08-2018 01:14:00 [TMainClassExt] ConnectString: 0030002C0030002C00530041005000420044005F00440061007400650076002C0050004C006F006D0056004900490056
29-08-2018 01:15:50 [TMainClassExt] 
29-08-2018 01:15:50 [TMainClassExt] Iniciando...
29-08-2018 01:15:50 [TMainClassExt] 
29-08-2018 01:15:51 [TMainClassExt] InitApp: aplicacion...
29-08-2018 01:15:51 [TMainClassExt] ConectarApplication
29-08-2018 01:15:51 [TMainClassExt] ConnectString: 0030002C0030002C00530041005000420044005F00440061007400650076002C0050004C006F006D0056004900490056
29-08-2018 01:16:08 [TMainClassExt] InitApp: Estructura de datos - SHA1
29-08-2018 01:16:08 [TMainClassExt] SHA1 EDSHA1.xls[l3WiVuQQFESO8H5GNN0JHJi2Fus=]
29-08-2018 01:16:09 [TMainClassExt] SHA1 EDM.xls[HBL4vyseJwAQYUlIPmE5V1R+3Mc=]
29-08-2018 01:16:09 [TMainClassExt] SHA1 EDRPKEY.xls[AZf335/9HD3a7QK20m+oUcM9h1E=]
29-08-2018 01:20:40 [TMainClassExt] 
29-08-2018 01:20:40 [TMainClassExt] Iniciando...
29-08-2018 01:20:40 [TMainClassExt] 
29-08-2018 01:20:41 [TMainClassExt] InitApp: aplicacion...
29-08-2018 01:20:41 [TMainClassExt] ConectarApplication
29-08-2018 01:20:41 [TMainClassExt] ConnectString: 0030002C0030002C00530041005000420044005F00440061007400650076002C0050004C006F006D0056004900490056
29-08-2018 01:20:48 [TMainClassExt] InitApp: Estructura de datos - SHA1
29-08-2018 01:20:49 [TMainClassExt] SHA1 EDSHA1.xls[l3WiVuQQFESO8H5GNN0JHJi2Fus=]
29-08-2018 01:20:49 [TMainClassExt] SHA1 EDM.xls[HBL4vyseJwAQYUlIPmE5V1R+3Mc=]
29-08-2018 01:20:49 [TMainClassExt] SHA1 EDRPKEY.xls[AZf335/9HD3a7QK20m+oUcM9h1E=]
29-08-2018 01:29:35 [TMainClassExt] 
29-08-2018 01:29:35 [TMainClassExt] Iniciando...
29-08-2018 01:29:35 [TMainClassExt] 
29-08-2018 01:29:36 [TMainClassExt] InitApp: aplicacion...
29-08-2018 01:29:36 [TMainClassExt] ConectarApplication
29-08-2018 01:29:36 [TMainClassExt] ConnectString: 0030002C0030002C00530041005000420044005F00440061007400650076002C0050004C006F006D0056004900490056
29-08-2018 01:29:43 [TMainClassExt] InitApp: Estructura de datos - SHA1
29-08-2018 01:29:43 [TMainClassExt] SHA1 EDSHA1.xls[l3WiVuQQFESO8H5GNN0JHJi2Fus=]
29-08-2018 01:29:44 [TMainClassExt] SHA1 EDM.xls[HBL4vyseJwAQYUlIPmE5V1R+3Mc=]
29-08-2018 01:29:44 [TMainClassExt] SHA1 EDRPKEY.xls[AZf335/9HD3a7QK20m+oUcM9h1E=]
29-08-2018 01:50:28 [TMainClassExt] 
29-08-2018 01:50:28 [TMainClassExt] Iniciando...
29-08-2018 01:50:28 [TMainClassExt] 
29-08-2018 01:50:29 [TMainClassExt] InitApp: aplicacion...
29-08-2018 01:50:29 [TMainClassExt] ConectarApplication
29-08-2018 01:50:29 [TMainClassExt] ConnectString: 0030002C0030002C00530041005000420044005F00440061007400650076002C0050004C006F006D0056004900490056
29-08-2018 01:51:09 [TMainClassExt] InitApp: Estructura de datos - SHA1
29-08-2018 01:51:09 [TMainClassExt] SHA1 EDSHA1.xls[l3WiVuQQFESO8H5GNN0JHJi2Fus=]
29-08-2018 01:51:09 [TMainClassExt] SHA1 EDM.xls[HBL4vyseJwAQYUlIPmE5V1R+3Mc=]
29-08-2018 01:51:10 [TMainClassExt] SHA1 EDRPKEY.xls[AZf335/9HD3a7QK20m+oUcM9h1E=]
29-08-2018 04:52:34 [TMainClassExt] 
29-08-2018 04:52:34 [TMainClassExt] Iniciando...
29-08-2018 04:52:34 [TMainClassExt] 
29-08-2018 04:52:35 [TMainClassExt] InitApp: aplicacion...
29-08-2018 04:52:35 [TMainClassExt] ConectarApplication
29-08-2018 04:52:35 [TMainClassExt] ConnectString: 0030002C0030002C00530041005000420044005F00440061007400650076002C0050004C006F006D0056004900490056
29-08-2018 04:52:43 [TMainClassExt] InitApp: Estructura de datos - SHA1
29-08-2018 04:52:43 [TMainClassExt] SHA1 EDSHA1.xls[l3WiVuQQFESO8H5GNN0JHJi2Fus=]
29-08-2018 04:52:43 [TMainClassExt] SHA1 EDM.xls[HBL4vyseJwAQYUlIPmE5V1R+3Mc=]
29-08-2018 04:52:43 [TMainClassExt] SHA1 EDRPKEY.xls[AZf335/9HD3a7QK20m+oUcM9h1E=]
29-08-2018 05:11:39 [TMainClassExt] 
29-08-2018 05:11:39 [TMainClassExt] Iniciando...
29-08-2018 05:11:39 [TMainClassExt] 
29-08-2018 05:11:41 [TMainClassExt] InitApp: aplicacion...
29-08-2018 05:11:41 [TMainClassExt] ConectarApplication
29-08-2018 05:11:41 [TMainClassExt] ConnectString: 0030002C0030002C00530041005000420044005F00440061007400650076002C0050004C006F006D0056004900490056
29-08-2018 05:11:47 [TMainClassExt] InitApp: Estructura de datos - SHA1
29-08-2018 05:11:47 [TMainClassExt] SHA1 EDSHA1.xls[l3WiVuQQFESO8H5GNN0JHJi2Fus=]
29-08-2018 05:11:47 [TMainClassExt] SHA1 EDM.xls[HBL4vyseJwAQYUlIPmE5V1R+3Mc=]
29-08-2018 05:11:47 [TMainClassExt] SHA1 EDRPKEY.xls[AZf335/9HD3a7QK20m+oUcM9h1E=]
29-08-2018 05:16:29 [TMainClassExt] 
29-08-2018 05:16:29 [TMainClassExt] Iniciando...
29-08-2018 05:16:29 [TMainClassExt] 
29-08-2018 05:16:30 [TMainClassExt] InitApp: aplicacion...
29-08-2018 05:16:30 [TMainClassExt] ConectarApplication
29-08-2018 05:16:30 [TMainClassExt] ConnectString: 0030002C0030002C00530041005000420044005F00440061007400650076002C0050004C006F006D0056004900490056
29-08-2018 05:36:28 [TMainClassExt] InitApp: Estructura de datos - SHA1
29-08-2018 05:36:29 [TMainClassExt] SHA1 EDSHA1.xls[l3WiVuQQFESO8H5GNN0JHJi2Fus=]
29-08-2018 05:36:29 [TMainClassExt] SHA1 EDM.xls[HBL4vyseJwAQYUlIPmE5V1R+3Mc=]
29-08-2018 05:36:29 [TMainClassExt] SHA1 EDRPKEY.xls[AZf335/9HD3a7QK20m+oUcM9h1E=]
29-08-2018 06:25:11 [TMainClassExt] 
29-08-2018 06:25:11 [TMainClassExt] Iniciando...
29-08-2018 06:25:11 [TMainClassExt] 
29-08-2018 06:25:12 [TMainClassExt] InitApp: aplicacion...
29-08-2018 06:25:12 [TMainClassExt] ConectarApplication
29-08-2018 06:25:12 [TMainClassExt] ConnectString: 0030002C0030002C00530041005000420044005F00440061007400650076002C0050004C006F006D0056004900490056
29-08-2018 06:25:31 [TMainClassExt] InitApp: Estructura de datos - SHA1
29-08-2018 06:25:31 [TMainClassExt] SHA1 EDSHA1.xls[l3WiVuQQFESO8H5GNN0JHJi2Fus=]
29-08-2018 06:25:31 [TMainClassExt] SHA1 EDM.xls[HBL4vyseJwAQYUlIPmE5V1R+3Mc=]
29-08-2018 06:25:31 [TMainClassExt] SHA1 EDRPKEY.xls[AZf335/9HD3a7QK20m+oUcM9h1E=]
29-08-2018 06:57:59 [TMainClassExt] 
29-08-2018 06:57:59 [TMainClassExt] Iniciando...
29-08-2018 06:57:59 [TMainClassExt] 
29-08-2018 06:58:00 [TMainClassExt] InitApp: aplicacion...
29-08-2018 06:58:00 [TMainClassExt] ConectarApplication
29-08-2018 06:58:00 [TMainClassExt] ConnectString: 0030002C0030002C00530041005000420044005F00440061007400650076002C0050004C006F006D0056004900490056
29-08-2018 06:58:28 [TMainClassExt] InitApp: Estructura de datos - SHA1
29-08-2018 06:58:28 [TMainClassExt] SHA1 EDSHA1.xls[l3WiVuQQFESO8H5GNN0JHJi2Fus=]
29-08-2018 06:58:28 [TMainClassExt] SHA1 EDM.xls[HBL4vyseJwAQYUlIPmE5V1R+3Mc=]
29-08-2018 06:58:28 [TMainClassExt] SHA1 EDRPKEY.xls[AZf335/9HD3a7QK20m+oUcM9h1E=]
29-08-2018 07:01:32 [TMainClassExt] 
29-08-2018 07:01:32 [TMainClassExt] Iniciando...
29-08-2018 07:01:32 [TMainClassExt] 
29-08-2018 07:01:33 [TMainClassExt] InitApp: aplicacion...
29-08-2018 07:01:33 [TMainClassExt] ConectarApplication
29-08-2018 07:01:33 [TMainClassExt] ConnectString: 0030002C0030002C00530041005000420044005F00440061007400650076002C0050004C006F006D0056004900490056
29-08-2018 07:01:39 [TMainClassExt] InitApp: Estructura de datos - SHA1
29-08-2018 07:01:39 [TMainClassExt] SHA1 EDSHA1.xls[l3WiVuQQFESO8H5GNN0JHJi2Fus=]
29-08-2018 07:01:39 [TMainClassExt] SHA1 EDM.xls[HBL4vyseJwAQYUlIPmE5V1R+3Mc=]
29-08-2018 07:01:39 [TMainClassExt] SHA1 EDRPKEY.xls[AZf335/9HD3a7QK20m+oUcM9h1E=]
29-08-2018 07:04:18 [TMainClassExt] 
29-08-2018 07:04:18 [TMainClassExt] Iniciando...
29-08-2018 07:04:18 [TMainClassExt] 
29-08-2018 07:04:19 [TMainClassExt] InitApp: aplicacion...
29-08-2018 07:04:19 [TMainClassExt] ConectarApplication
29-08-2018 07:04:19 [TMainClassExt] ConnectString: 0030002C0030002C00530041005000420044005F00440061007400650076002C0050004C006F006D0056004900490056
29-08-2018 07:04:37 [TMainClassExt] InitApp: Estructura de datos - SHA1
29-08-2018 07:04:37 [TMainClassExt] SHA1 EDSHA1.xls[l3WiVuQQFESO8H5GNN0JHJi2Fus=]
29-08-2018 07:04:38 [TMainClassExt] SHA1 EDM.xls[HBL4vyseJwAQYUlIPmE5V1R+3Mc=]
29-08-2018 07:04:38 [TMainClassExt] SHA1 EDRPKEY.xls[AZf335/9HD3a7QK20m+oUcM9h1E=]
29-08-2018 08:07:50 [TMainClassExt] 
29-08-2018 08:07:50 [TMainClassExt] Iniciando...
29-08-2018 08:07:50 [TMainClassExt] 
29-08-2018 08:07:51 [TMainClassExt] InitApp: aplicacion...
29-08-2018 08:07:51 [TMainClassExt] ConectarApplication
29-08-2018 08:07:51 [TMainClassExt] ConnectString: 0030002C0030002C00530041005000420044005F00440061007400650076002C0050004C006F006D0056004900490056
29-08-2018 08:08:09 [TMainClassExt] InitApp: Estructura de datos - SHA1
29-08-2018 08:08:09 [TMainClassExt] SHA1 EDSHA1.xls[l3WiVuQQFESO8H5GNN0JHJi2Fus=]
29-08-2018 08:08:09 [TMainClassExt] SHA1 EDM.xls[HBL4vyseJwAQYUlIPmE5V1R+3Mc=]
29-08-2018 08:08:09 [TMainClassExt] SHA1 EDRPKEY.xls[AZf335/9HD3a7QK20m+oUcM9h1E=]
29-08-2018 08:12:04 [TMainClassExt] 
29-08-2018 08:12:04 [TMainClassExt] Iniciando...
29-08-2018 08:12:04 [TMainClassExt] 
29-08-2018 08:12:05 [TMainClassExt] InitApp: aplicacion...
29-08-2018 08:12:05 [TMainClassExt] ConectarApplication
29-08-2018 08:12:05 [TMainClassExt] ConnectString: 0030002C0030002C00530041005000420044005F00440061007400650076002C0050004C006F006D0056004900490056
29-08-2018 08:12:10 [TMainClassExt] InitApp: Estructura de datos - SHA1
29-08-2018 08:12:10 [TMainClassExt] SHA1 EDSHA1.xls[l3WiVuQQFESO8H5GNN0JHJi2Fus=]
29-08-2018 08:12:11 [TMainClassExt] SHA1 EDM.xls[HBL4vyseJwAQYUlIPmE5V1R+3Mc=]
29-08-2018 08:12:11 [TMainClassExt] SHA1 EDRPKEY.xls[AZf335/9HD3a7QK20m+oUcM9h1E=]
29-08-2018 08:14:58 [TMainClassExt] 
29-08-2018 08:14:58 [TMainClassExt] Iniciando...
29-08-2018 08:14:58 [TMainClassExt] 
29-08-2018 08:14:59 [TMainClassExt] InitApp: aplicacion...
29-08-2018 08:14:59 [TMainClassExt] ConectarApplication
29-08-2018 08:14:59 [TMainClassExt] ConnectString: 0030002C0030002C00530041005000420044005F00440061007400650076002C0050004C006F006D0056004900490056
29-08-2018 08:15:33 [TMainClassExt] 
29-08-2018 08:15:33 [TMainClassExt] Iniciando...
29-08-2018 08:15:33 [TMainClassExt] 
29-08-2018 08:15:34 [TMainClassExt] InitApp: aplicacion...
29-08-2018 08:15:34 [TMainClassExt] ConectarApplication
29-08-2018 08:15:34 [TMainClassExt] ConnectString: 0030002C0030002C00530041005000420044005F00440061007400650076002C0050004C006F006D0056004900490056
29-08-2018 08:15:39 [TMainClassExt] InitApp: Estructura de datos - SHA1
29-08-2018 08:15:39 [TMainClassExt] SHA1 EDSHA1.xls[l3WiVuQQFESO8H5GNN0JHJi2Fus=]
29-08-2018 08:15:40 [TMainClassExt] SHA1 EDM.xls[HBL4vyseJwAQYUlIPmE5V1R+3Mc=]
29-08-2018 08:15:40 [TMainClassExt] SHA1 EDRPKEY.xls[AZf335/9HD3a7QK20m+oUcM9h1E=]
29-08-2018 10:32:44 [TMainClassExt] 
29-08-2018 10:32:44 [TMainClassExt] Iniciando...
29-08-2018 10:32:44 [TMainClassExt] 
29-08-2018 10:32:45 [TMainClassExt] InitApp: aplicacion...
29-08-2018 10:32:45 [TMainClassExt] ConectarApplication
29-08-2018 10:32:45 [TMainClassExt] ConnectString: 0030002C0030002C00530041005000420044005F00440061007400650076002C0050004C006F006D0056004900490056
29-08-2018 10:32:53 [TMainClassExt] InitApp: Estructura de datos - SHA1
29-08-2018 10:32:53 [TMainClassExt] SHA1 EDSHA1.xls[l3WiVuQQFESO8H5GNN0JHJi2Fus=]
29-08-2018 10:32:53 [TMainClassExt] SHA1 EDM.xls[HBL4vyseJwAQYUlIPmE5V1R+3Mc=]
29-08-2018 10:32:53 [TMainClassExt] SHA1 EDRPKEY.xls[AZf335/9HD3a7QK20m+oUcM9h1E=]
29-08-2018 10:48:09 [TMainClassExt] 
29-08-2018 10:48:09 [TMainClassExt] Iniciando...
29-08-2018 10:48:09 [TMainClassExt] 
29-08-2018 10:48:10 [TMainClassExt] InitApp: aplicacion...
29-08-2018 10:48:10 [TMainClassExt] ConectarApplication
29-08-2018 10:48:10 [TMainClassExt] ConnectString: 0030002C0030002C00530041005000420044005F00440061007400650076002C0050004C006F006D0056004900490056
29-08-2018 10:48:18 [TMainClassExt] InitApp: Estructura de datos - SHA1
29-08-2018 10:48:18 [TMainClassExt] SHA1 EDSHA1.xls[l3WiVuQQFESO8H5GNN0JHJi2Fus=]
29-08-2018 10:48:18 [TMainClassExt] SHA1 EDM.xls[HBL4vyseJwAQYUlIPmE5V1R+3Mc=]
29-08-2018 10:48:18 [TMainClassExt] SHA1 EDRPKEY.xls[AZf335/9HD3a7QK20m+oUcM9h1E=]
29-08-2018 11:08:09 [TMainClassExt] 
29-08-2018 11:08:09 [TMainClassExt] Iniciando...
29-08-2018 11:08:09 [TMainClassExt] 
29-08-2018 11:08:10 [TMainClassExt] InitApp: aplicacion...
29-08-2018 11:08:10 [TMainClassExt] ConectarApplication
29-08-2018 11:08:10 [TMainClassExt] ConnectString: 0030002C0030002C00530041005000420044005F00440061007400650076002C0050004C006F006D0056004900490056
29-08-2018 11:08:17 [TMainClassExt] InitApp: Estructura de datos - SHA1
29-08-2018 11:08:17 [TMainClassExt] SHA1 EDSHA1.xls[l3WiVuQQFESO8H5GNN0JHJi2Fus=]
29-08-2018 11:08:17 [TMainClassExt] SHA1 EDM.xls[HBL4vyseJwAQYUlIPmE5V1R+3Mc=]
29-08-2018 11:08:18 [TMainClassExt] SHA1 EDRPKEY.xls[AZf335/9HD3a7QK20m+oUcM9h1E=]
29-08-2018 11:21:40 [TMainClassExt] 
29-08-2018 11:21:40 [TMainClassExt] Iniciando...
29-08-2018 11:21:40 [TMainClassExt] 
29-08-2018 11:21:42 [TMainClassExt] InitApp: aplicacion...
29-08-2018 11:21:42 [TMainClassExt] ConectarApplication
29-08-2018 11:21:42 [TMainClassExt] ConnectString: 0030002C0030002C00530041005000420044005F00440061007400650076002C0050004C006F006D0056004900490056
29-08-2018 11:21:50 [TMainClassExt] InitApp: Estructura de datos - SHA1
29-08-2018 11:21:50 [TMainClassExt] SHA1 EDSHA1.xls[l3WiVuQQFESO8H5GNN0JHJi2Fus=]
29-08-2018 11:21:50 [TMainClassExt] SHA1 EDM.xls[HBL4vyseJwAQYUlIPmE5V1R+3Mc=]
29-08-2018 11:21:50 [TMainClassExt] SHA1 EDRPKEY.xls[AZf335/9HD3a7QK20m+oUcM9h1E=]
29-08-2018 11:23:00 [TMainClassExt] 
29-08-2018 11:23:00 [TMainClassExt] Iniciando...
29-08-2018 11:23:00 [TMainClassExt] 
29-08-2018 11:23:01 [TMainClassExt] InitApp: aplicacion...
29-08-2018 11:23:01 [TMainClassExt] ConectarApplication
29-08-2018 11:23:01 [TMainClassExt] ConnectString: 0030002C0030002C00530041005000420044005F00440061007400650076002C0050004C006F006D0056004900490056
29-08-2018 11:23:11 [TMainClassExt] InitApp: Estructura de datos - SHA1
29-08-2018 11:23:11 [TMainClassExt] SHA1 EDSHA1.xls[l3WiVuQQFESO8H5GNN0JHJi2Fus=]
29-08-2018 11:23:11 [TMainClassExt] SHA1 EDM.xls[HBL4vyseJwAQYUlIPmE5V1R+3Mc=]
29-08-2018 11:23:11 [TMainClassExt] SHA1 EDRPKEY.xls[AZf335/9HD3a7QK20m+oUcM9h1E=]
29-08-2018 11:25:32 [TMainClassExt] 
29-08-2018 11:25:32 [TMainClassExt] Iniciando...
29-08-2018 11:25:32 [TMainClassExt] 
29-08-2018 11:25:33 [TMainClassExt] InitApp: aplicacion...
29-08-2018 11:25:33 [TMainClassExt] ConectarApplication
29-08-2018 11:25:33 [TMainClassExt] ConnectString: 0030002C0030002C00530041005000420044005F00440061007400650076002C0050004C006F006D0056004900490056
29-08-2018 11:25:41 [TMainClassExt] InitApp: Estructura de datos - SHA1
29-08-2018 11:25:41 [TMainClassExt] SHA1 EDSHA1.xls[l3WiVuQQFESO8H5GNN0JHJi2Fus=]
29-08-2018 11:25:41 [TMainClassExt] SHA1 EDM.xls[HBL4vyseJwAQYUlIPmE5V1R+3Mc=]
29-08-2018 11:25:41 [TMainClassExt] SHA1 EDRPKEY.xls[AZf335/9HD3a7QK20m+oUcM9h1E=]
30-08-2018 06:39:45 [TMainClassExt] 
30-08-2018 06:39:45 [TMainClassExt] Iniciando...
30-08-2018 06:39:45 [TMainClassExt] 
30-08-2018 06:39:46 [TMainClassExt] InitApp: aplicacion...
30-08-2018 06:39:46 [TMainClassExt] ConectarApplication
30-08-2018 06:39:46 [TMainClassExt] ConnectString: 0030002C0030002C00530041005000420044005F00440061007400650076002C0050004C006F006D0056004900490056
30-08-2018 06:40:05 [TMainClassExt] InitApp: Estructura de datos - SHA1
30-08-2018 06:40:05 [TMainClassExt] SHA1 EDSHA1.xls[l3WiVuQQFESO8H5GNN0JHJi2Fus=]
30-08-2018 06:40:05 [TMainClassExt] SHA1 EDM.xls[HBL4vyseJwAQYUlIPmE5V1R+3Mc=]
30-08-2018 06:40:05 [TMainClassExt] SHA1 EDRPKEY.xls[AZf335/9HD3a7QK20m+oUcM9h1E=]
30-08-2018 06:55:55 [TMainClassExt] 
30-08-2018 06:55:55 [TMainClassExt] Iniciando...
30-08-2018 06:55:55 [TMainClassExt] 
30-08-2018 06:55:56 [TMainClassExt] InitApp: aplicacion...
30-08-2018 06:55:56 [TMainClassExt] ConectarApplication
30-08-2018 06:55:56 [TMainClassExt] ConnectString: 0030002C0030002C00530041005000420044005F00440061007400650076002C0050004C006F006D0056004900490056
30-08-2018 06:56:03 [TMainClassExt] InitApp: Estructura de datos - SHA1
30-08-2018 06:56:04 [TMainClassExt] SHA1 EDSHA1.xls[l3WiVuQQFESO8H5GNN0JHJi2Fus=]
30-08-2018 06:56:04 [TMainClassExt] SHA1 EDM.xls[HBL4vyseJwAQYUlIPmE5V1R+3Mc=]
30-08-2018 06:56:04 [TMainClassExt] SHA1 EDRPKEY.xls[AZf335/9HD3a7QK20m+oUcM9h1E=]
30-08-2018 07:06:24 [TMainClassExt] 
30-08-2018 07:06:24 [TMainClassExt] Iniciando...
30-08-2018 07:06:24 [TMainClassExt] 
30-08-2018 07:06:25 [TMainClassExt] InitApp: aplicacion...
30-08-2018 07:06:25 [TMainClassExt] ConectarApplication
30-08-2018 07:06:25 [TMainClassExt] ConnectString: 0030002C0030002C00530041005000420044005F00440061007400650076002C0050004C006F006D0056004900490056
30-08-2018 07:06:42 [TMainClassExt] InitApp: Estructura de datos - SHA1
30-08-2018 07:06:43 [TMainClassExt] SHA1 EDSHA1.xls[l3WiVuQQFESO8H5GNN0JHJi2Fus=]
30-08-2018 07:06:43 [TMainClassExt] SHA1 EDM.xls[HBL4vyseJwAQYUlIPmE5V1R+3Mc=]
30-08-2018 07:06:43 [TMainClassExt] SHA1 EDRPKEY.xls[AZf335/9HD3a7QK20m+oUcM9h1E=]
27-09-2018 05:31:28 [TMainClassExt] 
27-09-2018 05:31:28 [TMainClassExt] Iniciando...
27-09-2018 05:31:28 [TMainClassExt] 
27-09-2018 05:31:29 [TMainClassExt] InitApp: aplicacion...
27-09-2018 05:31:29 [TMainClassExt] ConectarApplication
27-09-2018 05:31:29 [TMainClassExt] ConnectString: 0030002C0030002C00530041005000420044005F00440061007400650076002C0050004C006F006D0056004900490056
27-09-2018 05:32:10 [TMainClassExt] InitApp: Estructura de datos - SHA1
27-09-2018 05:32:10 [TMainClassExt] SHA1 EDSHA1.xls[l3WiVuQQFESO8H5GNN0JHJi2Fus=]
27-09-2018 05:32:10 [TMainClassExt] SHA1 EDM.xls[HBL4vyseJwAQYUlIPmE5V1R+3Mc=]
27-09-2018 05:32:10 [TMainClassExt] SHA1 EDRPKEY.xls[AZf335/9HD3a7QK20m+oUcM9h1E=]
28-09-2018 05:13:33 [TMainClassExt] 
28-09-2018 05:13:33 [TMainClassExt] Iniciando...
28-09-2018 05:13:33 [TMainClassExt] 
28-09-2018 05:13:35 [TMainClassExt] InitApp: aplicacion...
28-09-2018 05:13:35 [TMainClassExt] ConectarApplication
28-09-2018 05:13:35 [TMainClassExt] ConnectString: 0030002C0030002C00530041005000420044005F00440061007400650076002C0050004C006F006D0056004900490056
28-09-2018 05:13:45 [TMainClassExt] InitApp: Estructura de datos - SHA1
28-09-2018 05:13:45 [TMainClassExt] SHA1 EDSHA1.xls[l3WiVuQQFESO8H5GNN0JHJi2Fus=]
28-09-2018 05:13:45 [TMainClassExt] SHA1 EDM.xls[HBL4vyseJwAQYUlIPmE5V1R+3Mc=]
28-09-2018 05:13:45 [TMainClassExt] SHA1 EDRPKEY.xls[AZf335/9HD3a7QK20m+oUcM9h1E=]
28-09-2018 05:14:35 [TMainClassExt] 
28-09-2018 05:14:35 [TMainClassExt] Iniciando...
28-09-2018 05:14:35 [TMainClassExt] 
28-09-2018 05:14:42 [TMainClassExt] InitApp: aplicacion...
28-09-2018 05:14:42 [TMainClassExt] ConectarApplication
28-09-2018 05:14:42 [TMainClassExt] ConnectString: 0030002C0030002C00530041005000420044005F00440061007400650076002C0050004C006F006D0056004900490056
28-09-2018 05:14:50 [TMainClassExt] InitApp: Estructura de datos - SHA1
28-09-2018 05:14:50 [TMainClassExt] SHA1 EDSHA1.xls[l3WiVuQQFESO8H5GNN0JHJi2Fus=]
28-09-2018 05:14:50 [TMainClassExt] SHA1 EDM.xls[HBL4vyseJwAQYUlIPmE5V1R+3Mc=]
28-09-2018 05:14:50 [TMainClassExt] SHA1 EDRPKEY.xls[AZf335/9HD3a7QK20m+oUcM9h1E=]
28-09-2018 05:32:22 [TMainClassExt] 
28-09-2018 05:32:22 [TMainClassExt] Iniciando...
28-09-2018 05:32:22 [TMainClassExt] 
28-09-2018 05:32:23 [TMainClassExt] InitApp: aplicacion...
28-09-2018 05:32:23 [TMainClassExt] ConectarApplication
28-09-2018 05:32:23 [TMainClassExt] ConnectString: 0030002C0030002C00530041005000420044005F00440061007400650076002C0050004C006F006D0056004900490056
28-09-2018 05:32:31 [TMainClassExt] InitApp: Estructura de datos - SHA1
28-09-2018 05:32:31 [TMainClassExt] SHA1 EDSHA1.xls[l3WiVuQQFESO8H5GNN0JHJi2Fus=]
28-09-2018 05:32:31 [TMainClassExt] SHA1 EDM.xls[HBL4vyseJwAQYUlIPmE5V1R+3Mc=]
28-09-2018 05:32:31 [TMainClassExt] SHA1 EDRPKEY.xls[AZf335/9HD3a7QK20m+oUcM9h1E=]
29-09-2018 11:28:02 [TMainClassExt] 
29-09-2018 11:28:02 [TMainClassExt] Iniciando...
29-09-2018 11:28:02 [TMainClassExt] 
29-09-2018 11:28:03 [TMainClassExt] InitApp: aplicacion...
29-09-2018 11:28:03 [TMainClassExt] ConectarApplication
29-09-2018 11:28:03 [TMainClassExt] ConnectString: 0030002C0030002C00530041005000420044005F00440061007400650076002C0050004C006F006D0056004900490056
29-09-2018 11:28:23 [TMainClassExt] InitApp: Estructura de datos - SHA1
29-09-2018 11:28:24 [TMainClassExt] SHA1 EDSHA1.xls[l3WiVuQQFESO8H5GNN0JHJi2Fus=]
29-09-2018 11:28:24 [TMainClassExt] SHA1 EDM.xls[HBL4vyseJwAQYUlIPmE5V1R+3Mc=]
29-09-2018 11:28:24 [TMainClassExt] SHA1 EDRPKEY.xls[AZf335/9HD3a7QK20m+oUcM9h1E=]
01-10-2018 09:48:54 [TMainClassExt] 
01-10-2018 09:48:54 [TMainClassExt] Iniciando...
01-10-2018 09:48:54 [TMainClassExt] 
01-10-2018 09:48:54 [TMainClassExt] InitApp: aplicacion...
01-10-2018 09:48:54 [TMainClassExt] ConectarApplication
01-10-2018 09:48:54 [TMainClassExt] ConnectString: 0030002C0030002C00530041005000420044005F00440061007400650076002C0050004C006F006D0056004900490056
01-10-2018 09:49:06 [TMainClassExt] InitApp: Estructura de datos - SHA1
01-10-2018 09:49:06 [TMainClassExt] SHA1 EDSHA1.xls[l3WiVuQQFESO8H5GNN0JHJi2Fus=]
01-10-2018 09:49:06 [TMainClassExt] SHA1 EDM.xls[HBL4vyseJwAQYUlIPmE5V1R+3Mc=]
01-10-2018 09:49:06 [TMainClassExt] SHA1 EDRPKEY.xls[AZf335/9HD3a7QK20m+oUcM9h1E=]
01-10-2018 05:57:34 [TMainClassExt] 
01-10-2018 05:57:34 [TMainClassExt] Iniciando...
01-10-2018 05:57:34 [TMainClassExt] 
01-10-2018 05:57:35 [TMainClassExt] InitApp: aplicacion...
01-10-2018 05:57:35 [TMainClassExt] ConectarApplication
01-10-2018 05:57:35 [TMainClassExt] ConnectString: 0030002C0030002C00530041005000420044005F00440061007400650076002C0050004C006F006D0056004900490056
01-10-2018 05:57:58 [TMainClassExt] InitApp: Estructura de datos - SHA1
01-10-2018 05:57:58 [TMainClassExt] SHA1 EDSHA1.xls[l3WiVuQQFESO8H5GNN0JHJi2Fus=]
01-10-2018 05:57:58 [TMainClassExt] SHA1 EDM.xls[HBL4vyseJwAQYUlIPmE5V1R+3Mc=]
01-10-2018 05:57:58 [TMainClassExt] SHA1 EDRPKEY.xls[AZf335/9HD3a7QK20m+oUcM9h1E=]
01-10-2018 06:49:42 [TMainClassExt] 
01-10-2018 06:49:42 [TMainClassExt] Iniciando...
01-10-2018 06:49:42 [TMainClassExt] 
01-10-2018 06:49:44 [TMainClassExt] InitApp: aplicacion...
01-10-2018 06:49:44 [TMainClassExt] ConectarApplication
01-10-2018 06:49:44 [TMainClassExt] ConnectString: 0030002C0030002C00530041005000420044005F00440061007400650076002C0050004C006F006D0056004900490056
01-10-2018 06:50:17 [TMainClassExt] InitApp: Estructura de datos - SHA1
01-10-2018 06:50:17 [TMainClassExt] SHA1 EDSHA1.xls[l3WiVuQQFESO8H5GNN0JHJi2Fus=]
01-10-2018 06:50:17 [TMainClassExt] SHA1 EDM.xls[HBL4vyseJwAQYUlIPmE5V1R+3Mc=]
01-10-2018 06:50:17 [TMainClassExt] SHA1 EDRPKEY.xls[AZf335/9HD3a7QK20m+oUcM9h1E=]
01-10-2018 07:02:56 [TMainClassExt] 
01-10-2018 07:02:56 [TMainClassExt] Iniciando...
01-10-2018 07:02:56 [TMainClassExt] 
01-10-2018 07:02:56 [TMainClassExt] InitApp: aplicacion...
01-10-2018 07:02:56 [TMainClassExt] ConectarApplication
01-10-2018 07:02:56 [TMainClassExt] ConnectString: 0030002C0030002C00530041005000420044005F00440061007400650076002C0050004C006F006D0056004900490056
01-10-2018 07:03:00 [TMainClassExt] InitApp: Estructura de datos - SHA1
01-10-2018 07:03:01 [TMainClassExt] SHA1 EDSHA1.xls[l3WiVuQQFESO8H5GNN0JHJi2Fus=]
01-10-2018 07:03:01 [TMainClassExt] SHA1 EDM.xls[HBL4vyseJwAQYUlIPmE5V1R+3Mc=]
01-10-2018 07:03:01 [TMainClassExt] SHA1 EDRPKEY.xls[AZf335/9HD3a7QK20m+oUcM9h1E=]
01-10-2018 07:06:36 [TMainClassExt] 
01-10-2018 07:06:36 [TMainClassExt] Iniciando...
01-10-2018 07:06:36 [TMainClassExt] 
01-10-2018 07:06:36 [TMainClassExt] InitApp: aplicacion...
01-10-2018 07:06:36 [TMainClassExt] ConectarApplication
01-10-2018 07:06:36 [TMainClassExt] ConnectString: 0030002C0030002C00530041005000420044005F00440061007400650076002C0050004C006F006D0056004900490056
01-10-2018 07:07:44 [TMainClassExt] SBOAppMenuEvent Referencia a objeto no establecida como instancia de un objeto. Trace:    en VisualD.MainObjBase.TMainObjBase.MenuEventExt(List`1 oForms, MenuEvent& pVal, Boolean& BubbleEvent) en C:\VisualK\Proyectos\PrismLibDLL\VisualD.MainObjBase\..\SBOLib-Source\VisualD.MainObjBase.pas:línea 101
   en Factura_Electronica_VK.FElecObj.TFacturaElec.MenuEventExt(List`1 oForms, MenuEvent& pVal, Boolean& BubbleEvent) en c:\Users\ajose\Documents\VisualK\Proyectos\Factura Electronica VK Peru\Units\FElecObj.cs:línea 65
   en VisualD.Main.TMainClass.SBOAppMenuEvent(MenuEvent& pVal, Boolean& BubbleEvent) en C:\VisualK\Proyectos\PrismLibDLL\VisualD.Main\..\SBOLib-Source\VisualD.Main.pas:línea 359
01-10-2018 07:08:11 [TMainClassExt] SBOAppMenuEvent Referencia a objeto no establecida como instancia de un objeto. Trace:    en VisualD.MainObjBase.TMainObjBase.MenuEventExt(List`1 oForms, MenuEvent& pVal, Boolean& BubbleEvent) en C:\VisualK\Proyectos\PrismLibDLL\VisualD.MainObjBase\..\SBOLib-Source\VisualD.MainObjBase.pas:línea 101
   en Factura_Electronica_VK.FElecObj.TFacturaElec.MenuEventExt(List`1 oForms, MenuEvent& pVal, Boolean& BubbleEvent) en c:\Users\ajose\Documents\VisualK\Proyectos\Factura Electronica VK Peru\Units\FElecObj.cs:línea 65
   en VisualD.Main.TMainClass.SBOAppMenuEvent(MenuEvent& pVal, Boolean& BubbleEvent) en C:\VisualK\Proyectos\PrismLibDLL\VisualD.Main\..\SBOLib-Source\VisualD.Main.pas:línea 359
01-10-2018 07:08:21 [TMainClassExt] InitApp: Estructura de datos - SHA1
01-10-2018 07:08:21 [TMainClassExt] SHA1 EDSHA1.xls[l3WiVuQQFESO8H5GNN0JHJi2Fus=]
01-10-2018 07:08:21 [TMainClassExt] SHA1 EDM.xls[HBL4vyseJwAQYUlIPmE5V1R+3Mc=]
01-10-2018 07:08:21 [TMainClassExt] SHA1 EDRPKEY.xls[AZf335/9HD3a7QK20m+oUcM9h1E=]
01-10-2018 07:44:11 [TMainClassExt] 
01-10-2018 07:44:11 [TMainClassExt] Iniciando...
01-10-2018 07:44:11 [TMainClassExt] 
01-10-2018 07:44:12 [TMainClassExt] InitApp: aplicacion...
03-10-2018 01:26:25 [TMainClassExt] 
03-10-2018 01:26:25 [TMainClassExt] Iniciando...
03-10-2018 01:26:25 [TMainClassExt] 
03-10-2018 01:26:25 [TMainClassExt] InitApp: aplicacion...
03-10-2018 01:26:25 [TMainClassExt] ConectarApplication
03-10-2018 01:26:25 [TMainClassExt] ConnectString: 0030002C0030002C00530041005000420044005F00440061007400650076002C0050004C006F006D0056004900490056
03-10-2018 01:26:36 [TMainClassExt] InitApp: Estructura de datos - SHA1
03-10-2018 01:26:36 [TMainClassExt] SHA1 EDSHA1.xls[l3WiVuQQFESO8H5GNN0JHJi2Fus=]
03-10-2018 01:26:36 [TMainClassExt] SHA1 EDM.xls[HBL4vyseJwAQYUlIPmE5V1R+3Mc=]
03-10-2018 01:26:36 [TMainClassExt] SHA1 EDRPKEY.xls[AZf335/9HD3a7QK20m+oUcM9h1E=]
03-10-2018 03:53:03 [TMainClassExt] 
03-10-2018 03:53:03 [TMainClassExt] Iniciando...
03-10-2018 03:53:03 [TMainClassExt] 
03-10-2018 03:53:04 [TMainClassExt] InitApp: aplicacion...
03-10-2018 03:53:04 [TMainClassExt] ConectarApplication
03-10-2018 03:53:04 [TMainClassExt] ConnectString: 0030002C0030002C00530041005000420044005F00440061007400650076002C0050004C006F006D0056004900490056
03-10-2018 03:53:18 [TMainClassExt] InitApp: Estructura de datos - SHA1
03-10-2018 03:53:18 [TMainClassExt] SHA1 EDSHA1.xls[l3WiVuQQFESO8H5GNN0JHJi2Fus=]
03-10-2018 03:53:18 [TMainClassExt] SHA1 EDM.xls[HBL4vyseJwAQYUlIPmE5V1R+3Mc=]
03-10-2018 03:53:18 [TMainClassExt] SHA1 EDRPKEY.xls[AZf335/9HD3a7QK20m+oUcM9h1E=]
03-10-2018 07:13:15 [TMainClassExt] 
03-10-2018 07:13:15 [TMainClassExt] Iniciando...
03-10-2018 07:13:15 [TMainClassExt] 
03-10-2018 07:13:16 [TMainClassExt] InitApp: aplicacion...
03-10-2018 07:13:16 [TMainClassExt] ConectarApplication
03-10-2018 07:13:16 [TMainClassExt] ConnectString: 0030002C0030002C00530041005000420044005F00440061007400650076002C0050004C006F006D0056004900490056
03-10-2018 07:13:24 [TMainClassExt] InitApp: Estructura de datos - SHA1
03-10-2018 07:13:24 [TMainClassExt] SHA1 EDSHA1.xls[l3WiVuQQFESO8H5GNN0JHJi2Fus=]
03-10-2018 07:13:24 [TMainClassExt] SHA1 EDM.xls[HBL4vyseJwAQYUlIPmE5V1R+3Mc=]
03-10-2018 07:13:24 [TMainClassExt] SHA1 EDRPKEY.xls[AZf335/9HD3a7QK20m+oUcM9h1E=]
04-10-2018 07:05:36 [TMainClassExt] 
04-10-2018 07:05:36 [TMainClassExt] Iniciando...
04-10-2018 07:05:36 [TMainClassExt] 
04-10-2018 07:05:37 [TMainClassExt] InitApp: aplicacion...
04-10-2018 07:05:37 [TMainClassExt] ConectarApplication
04-10-2018 07:05:37 [TMainClassExt] ConnectString: 0030002C0030002C00530041005000420044005F00440061007400650076002C0050004C006F006D0056004900490056
04-10-2018 07:05:55 [TMainClassExt] InitApp: Estructura de datos - SHA1
04-10-2018 07:05:55 [TMainClassExt] SHA1 EDSHA1.xls[l3WiVuQQFESO8H5GNN0JHJi2Fus=]
04-10-2018 07:05:56 [TMainClassExt] SHA1 EDM.xls[HBL4vyseJwAQYUlIPmE5V1R+3Mc=]
04-10-2018 07:05:56 [TMainClassExt] SHA1 EDRPKEY.xls[AZf335/9HD3a7QK20m+oUcM9h1E=]
05-10-2018 05:54:45 [TMainClassExt] 
05-10-2018 05:54:45 [TMainClassExt] Iniciando...
05-10-2018 05:54:45 [TMainClassExt] 
05-10-2018 05:54:46 [TMainClassExt] InitApp: aplicacion...
05-10-2018 05:54:46 [TMainClassExt] ConectarApplication
05-10-2018 05:54:46 [TMainClassExt] ConnectString: 0030002C0030002C00530041005000420044005F00440061007400650076002C0050004C006F006D0056004900490056
05-10-2018 05:54:55 [TMainClassExt] InitApp: Estructura de datos - SHA1
05-10-2018 05:54:55 [TMainClassExt] SHA1 EDSHA1.xls[l3WiVuQQFESO8H5GNN0JHJi2Fus=]
05-10-2018 05:54:55 [TMainClassExt] SHA1 EDM.xls[HBL4vyseJwAQYUlIPmE5V1R+3Mc=]
05-10-2018 05:54:55 [TMainClassExt] SHA1 EDRPKEY.xls[AZf335/9HD3a7QK20m+oUcM9h1E=]
09-10-2018 04:22:25 [TMainClassExt] 
09-10-2018 04:22:25 [TMainClassExt] Iniciando...
09-10-2018 04:22:25 [TMainClassExt] 
09-10-2018 04:22:26 [TMainClassExt] InitApp: aplicacion...
09-10-2018 04:22:26 [TMainClassExt] ConectarApplication
09-10-2018 04:22:26 [TMainClassExt] ConnectString: 0030002C0030002C00530041005000420044005F00440061007400650076002C0050004C006F006D0056004900490056
09-10-2018 04:22:44 [TMainClassExt] InitApp: Estructura de datos - SHA1
09-10-2018 04:22:44 [TMainClassExt] SHA1 EDSHA1.xls[l3WiVuQQFESO8H5GNN0JHJi2Fus=]
09-10-2018 04:22:45 [TMainClassExt] SHA1 EDM.xls[HBL4vyseJwAQYUlIPmE5V1R+3Mc=]
09-10-2018 04:22:45 [TMainClassExt] SHA1 EDRPKEY.xls[AZf335/9HD3a7QK20m+oUcM9h1E=]
09-10-2018 07:24:54 [TMainClassExt] 
09-10-2018 07:24:54 [TMainClassExt] Iniciando...
09-10-2018 07:24:54 [TMainClassExt] 
09-10-2018 07:24:54 [TMainClassExt] InitApp: aplicacion...
09-10-2018 07:24:54 [TMainClassExt] ConectarApplication
09-10-2018 07:24:54 [TMainClassExt] ConnectString: 0030002C0030002C00530041005000420044005F00440061007400650076002C0050004C006F006D0056004900490056
09-10-2018 07:24:57 [TMainClassExt] Error en conexión a SAP SBO. (UI)
Connection - Could not find SBO that match the connection string
 ** Trace:    en SAPbouiCOM.SboGuiApiClass.Connect(String ConnectionStr)
   en VisualD.Main.TMainClass.ConectarApplication() en C:\VisualK\Proyectos\PrismLibDLL\VisualD.Main\..\SBOLib-Source\VisualD.Main.pas:línea 115 **   Str: 0030002C0030002C00530041005000420044005F00440061007400650076002C0050004C006F006D0056004900490056
09-10-2018 07:26:19 [TMainClassExt] 
09-10-2018 07:26:19 [TMainClassExt] Iniciando...
09-10-2018 07:26:19 [TMainClassExt] 
09-10-2018 07:26:19 [TMainClassExt] InitApp: aplicacion...
09-10-2018 07:26:20 [TMainClassExt] ConectarApplication
09-10-2018 07:26:20 [TMainClassExt] ConnectString: 0030002C0030002C00530041005000420044005F00440061007400650076002C0050004C006F006D0056004900490056
09-10-2018 07:26:27 [TMainClassExt] Error en conexión a SAP SBO. (UI)
Connection - Could not find SBO that match the connection string
 ** Trace:    en SAPbouiCOM.SboGuiApiClass.Connect(String ConnectionStr)
   en VisualD.Main.TMainClass.ConectarApplication() en C:\VisualK\Proyectos\PrismLibDLL\VisualD.Main\..\SBOLib-Source\VisualD.Main.pas:línea 115 **   Str: 0030002C0030002C00530041005000420044005F00440061007400650076002C0050004C006F006D0056004900490056
10-10-2018 12:06:36 [TMainClassExt] 
10-10-2018 12:06:36 [TMainClassExt] Iniciando...
10-10-2018 12:06:36 [TMainClassExt] 
10-10-2018 12:06:37 [TMainClassExt] InitApp: aplicacion...
10-10-2018 12:06:37 [TMainClassExt] ConectarApplication
10-10-2018 12:06:37 [TMainClassExt] ConnectString: 0030002C0030002C00530041005000420044005F00440061007400650076002C0050004C006F006D0056004900490056
10-10-2018 12:06:46 [TMainClassExt] InitApp: Estructura de datos - SHA1
10-10-2018 12:06:46 [TMainClassExt] SHA1 EDSHA1.xls[l3WiVuQQFESO8H5GNN0JHJi2Fus=]
10-10-2018 12:06:46 [TMainClassExt] SHA1 EDM.xls[HBL4vyseJwAQYUlIPmE5V1R+3Mc=]
10-10-2018 12:06:46 [TMainClassExt] SHA1 EDRPKEY.xls[AZf335/9HD3a7QK20m+oUcM9h1E=]
11-10-2018 06:07:18 [TMainClassExt] 
11-10-2018 06:07:18 [TMainClassExt] Iniciando...
11-10-2018 06:07:18 [TMainClassExt] 
11-10-2018 06:07:20 [TMainClassExt] InitApp: aplicacion...
11-10-2018 06:07:20 [TMainClassExt] ConectarApplication
11-10-2018 06:07:20 [TMainClassExt] ConnectString: 0030002C0030002C00530041005000420044005F00440061007400650076002C0050004C006F006D0056004900490056
11-10-2018 06:07:25 [TMainClassExt] Error en conexión a SAP SBO. (UI)
Connection - Could not find SBO that match the connection string
 ** Trace:    en SAPbouiCOM.SboGuiApiClass.Connect(String ConnectionStr)
   en VisualD.Main.TMainClass.ConectarApplication() en C:\VisualK\Proyectos\PrismLibDLL\VisualD.Main\..\SBOLib-Source\VisualD.Main.pas:línea 115 **   Str: 0030002C0030002C00530041005000420044005F00440061007400650076002C0050004C006F006D0056004900490056
11-10-2018 06:07:55 [TMainClassExt] 
11-10-2018 06:07:55 [TMainClassExt] Iniciando...
11-10-2018 06:07:55 [TMainClassExt] 
11-10-2018 06:07:56 [TMainClassExt] InitApp: aplicacion...
11-10-2018 06:07:56 [TMainClassExt] ConectarApplication
11-10-2018 06:07:56 [TMainClassExt] ConnectString: 0030002C0030002C00530041005000420044005F00440061007400650076002C0050004C006F006D0056004900490056
11-10-2018 06:08:14 [TMainClassExt] Error en conexión a SAP SBO. (UI)
Connection - Could not find SBO that match the connection string
 ** Trace:    en SAPbouiCOM.SboGuiApiClass.Connect(String ConnectionStr)
   en VisualD.Main.TMainClass.ConectarApplication() en C:\VisualK\Proyectos\PrismLibDLL\VisualD.Main\..\SBOLib-Source\VisualD.Main.pas:línea 115 **   Str: 0030002C0030002C00530041005000420044005F00440061007400650076002C0050004C006F006D0056004900490056
11-10-2018 06:12:34 [TMainClassExt] 
11-10-2018 06:12:34 [TMainClassExt] Iniciando...
11-10-2018 06:12:34 [TMainClassExt] 
11-10-2018 06:12:35 [TMainClassExt] InitApp: aplicacion...
11-10-2018 06:12:35 [TMainClassExt] ConectarApplication
11-10-2018 06:12:35 [TMainClassExt] ConnectString: 0030002C0030002C00530041005000420044005F00440061007400650076002C0050004C006F006D0056004900490056
11-10-2018 06:12:52 [TMainClassExt] Error en conexión a SAP SBO. (UI)
Connection - Could not find SBO that match the connection string
 ** Trace:    en SAPbouiCOM.SboGuiApiClass.Connect(String ConnectionStr)
   en VisualD.Main.TMainClass.ConectarApplication() en C:\VisualK\Proyectos\PrismLibDLL\VisualD.Main\..\SBOLib-Source\VisualD.Main.pas:línea 115 **   Str: 0030002C0030002C00530041005000420044005F00440061007400650076002C0050004C006F006D0056004900490056
11-10-2018 06:13:28 [TMainClassExt] 
11-10-2018 06:13:28 [TMainClassExt] Iniciando...
11-10-2018 06:13:28 [TMainClassExt] 
11-10-2018 06:13:29 [TMainClassExt] InitApp: aplicacion...
11-10-2018 06:13:29 [TMainClassExt] ConectarApplication
11-10-2018 06:13:29 [TMainClassExt] ConnectString: 0030002C0030002C00530041005000420044005F00440061007400650076002C0050004C006F006D0056004900490056
11-10-2018 06:13:31 [TMainClassExt] Error en conexión a SAP SBO. (UI)
Connection - Could not find SBO that match the connection string
 ** Trace:    en SAPbouiCOM.SboGuiApiClass.Connect(String ConnectionStr)
   en VisualD.Main.TMainClass.ConectarApplication() en C:\VisualK\Proyectos\PrismLibDLL\VisualD.Main\..\SBOLib-Source\VisualD.Main.pas:línea 115 **   Str: 0030002C0030002C00530041005000420044005F00440061007400650076002C0050004C006F006D0056004900490056
11-10-2018 06:24:03 [TMainClassExt] 
11-10-2018 06:24:03 [TMainClassExt] Iniciando...
11-10-2018 06:24:03 [TMainClassExt] 
11-10-2018 06:24:04 [TMainClassExt] InitApp: aplicacion...
11-10-2018 06:24:04 [TMainClassExt] ConectarApplication
11-10-2018 06:24:04 [TMainClassExt] ConnectString: 0030002C0030002C00530041005000420044005F00440061007400650076002C0050004C006F006D0056004900490056
11-10-2018 06:24:16 [TMainClassExt] InitApp: Estructura de datos - SHA1
11-10-2018 06:24:17 [TMainClassExt] SHA1 EDSHA1.xls[l3WiVuQQFESO8H5GNN0JHJi2Fus=]
11-10-2018 06:24:17 [TMainClassExt] SHA1 EDM.xls[HBL4vyseJwAQYUlIPmE5V1R+3Mc=]
11-10-2018 06:24:17 [TMainClassExt] SHA1 EDRPKEY.xls[AZf335/9HD3a7QK20m+oUcM9h1E=]
11-10-2018 06:46:34 [TMainClassExt] 
11-10-2018 06:46:34 [TMainClassExt] Iniciando...
11-10-2018 06:46:34 [TMainClassExt] 
11-10-2018 06:46:35 [TMainClassExt] InitApp: aplicacion...
11-10-2018 06:46:35 [TMainClassExt] ConectarApplication
11-10-2018 06:46:35 [TMainClassExt] ConnectString: 0030002C0030002C00530041005000420044005F00440061007400650076002C0050004C006F006D0056004900490056
11-10-2018 06:46:44 [TMainClassExt] InitApp: Estructura de datos - SHA1
11-10-2018 06:46:44 [TMainClassExt] SHA1 EDSHA1.xls[l3WiVuQQFESO8H5GNN0JHJi2Fus=]
11-10-2018 06:46:44 [TMainClassExt] SHA1 EDM.xls[HBL4vyseJwAQYUlIPmE5V1R+3Mc=]
11-10-2018 06:46:44 [TMainClassExt] SHA1 EDRPKEY.xls[AZf335/9HD3a7QK20m+oUcM9h1E=]
12-10-2018 10:51:33 [TMainClassExt] 
12-10-2018 10:51:33 [TMainClassExt] Iniciando...
12-10-2018 10:51:33 [TMainClassExt] 
12-10-2018 10:51:33 [TMainClassExt] InitApp: aplicacion...
12-10-2018 10:51:33 [TMainClassExt] ConectarApplication
12-10-2018 10:51:33 [TMainClassExt] ConnectString: 0030002C0030002C00530041005000420044005F00440061007400650076002C0050004C006F006D0056004900490056
12-10-2018 10:51:41 [TMainClassExt] InitApp: Estructura de datos - SHA1
12-10-2018 10:51:41 [TMainClassExt] SHA1 EDSHA1.xls[l3WiVuQQFESO8H5GNN0JHJi2Fus=]
12-10-2018 10:51:41 [TMainClassExt] SHA1 EDM.xls[HBL4vyseJwAQYUlIPmE5V1R+3Mc=]
12-10-2018 10:51:41 [TMainClassExt] SHA1 EDRPKEY.xls[AZf335/9HD3a7QK20m+oUcM9h1E=]
12-10-2018 11:18:46 [TMainClassExt] 
12-10-2018 11:18:46 [TMainClassExt] Iniciando...
12-10-2018 11:18:46 [TMainClassExt] 
12-10-2018 11:18:46 [TMainClassExt] InitApp: aplicacion...
12-10-2018 11:18:46 [TMainClassExt] ConectarApplication
12-10-2018 11:18:46 [TMainClassExt] ConnectString: 0030002C0030002C00530041005000420044005F00440061007400650076002C0050004C006F006D0056004900490056
12-10-2018 11:18:54 [TMainClassExt] InitApp: Estructura de datos - SHA1
12-10-2018 11:18:54 [TMainClassExt] SHA1 EDSHA1.xls[l3WiVuQQFESO8H5GNN0JHJi2Fus=]
12-10-2018 11:18:54 [TMainClassExt] SHA1 EDM.xls[HBL4vyseJwAQYUlIPmE5V1R+3Mc=]
12-10-2018 11:18:54 [TMainClassExt] SHA1 EDRPKEY.xls[AZf335/9HD3a7QK20m+oUcM9h1E=]
12-10-2018 02:41:58 [TMainClassExt] 
12-10-2018 02:41:58 [TMainClassExt] Iniciando...
12-10-2018 02:41:58 [TMainClassExt] 
12-10-2018 02:41:59 [TMainClassExt] InitApp: aplicacion...
12-10-2018 02:41:59 [TMainClassExt] ConectarApplication
12-10-2018 02:41:59 [TMainClassExt] ConnectString: 0030002C0030002C00530041005000420044005F00440061007400650076002C0050004C006F006D0056004900490056
12-10-2018 02:43:03 [TMainClassExt] InitApp: Estructura de datos - SHA1
12-10-2018 02:43:03 [TMainClassExt] SHA1 EDSHA1.xls[l3WiVuQQFESO8H5GNN0JHJi2Fus=]
12-10-2018 02:43:03 [TMainClassExt] SHA1 EDM.xls[HBL4vyseJwAQYUlIPmE5V1R+3Mc=]
12-10-2018 02:43:03 [TMainClassExt] SHA1 EDRPKEY.xls[AZf335/9HD3a7QK20m+oUcM9h1E=]
12-10-2018 02:46:45 [TMainClassExt] 
12-10-2018 02:46:45 [TMainClassExt] Iniciando...
12-10-2018 02:46:45 [TMainClassExt] 
12-10-2018 02:46:46 [TMainClassExt] InitApp: aplicacion...
12-10-2018 02:46:46 [TMainClassExt] ConectarApplication
12-10-2018 02:46:46 [TMainClassExt] ConnectString: 0030002C0030002C00530041005000420044005F00440061007400650076002C0050004C006F006D0056004900490056
12-10-2018 02:46:59 [TMainClassExt] InitApp: Estructura de datos - SHA1
12-10-2018 02:46:59 [TMainClassExt] SHA1 EDSHA1.xls[l3WiVuQQFESO8H5GNN0JHJi2Fus=]
12-10-2018 02:46:59 [TMainClassExt] SHA1 EDM.xls[HBL4vyseJwAQYUlIPmE5V1R+3Mc=]
12-10-2018 02:46:59 [TMainClassExt] SHA1 EDRPKEY.xls[AZf335/9HD3a7QK20m+oUcM9h1E=]
12-10-2018 07:04:41 [TMainClassExt] 
12-10-2018 07:04:41 [TMainClassExt] Iniciando...
12-10-2018 07:04:41 [TMainClassExt] 
12-10-2018 07:04:42 [TMainClassExt] InitApp: aplicacion...
12-10-2018 07:04:42 [TMainClassExt] ConectarApplication
12-10-2018 07:04:42 [TMainClassExt] ConnectString: 0030002C0030002C00530041005000420044005F00440061007400650076002C0050004C006F006D0056004900490056
12-10-2018 07:04:50 [TMainClassExt] InitApp: Estructura de datos - SHA1
12-10-2018 07:04:50 [TMainClassExt] SHA1 EDSHA1.xls[l3WiVuQQFESO8H5GNN0JHJi2Fus=]
12-10-2018 07:04:50 [TMainClassExt] SHA1 EDM.xls[HBL4vyseJwAQYUlIPmE5V1R+3Mc=]
12-10-2018 07:04:50 [TMainClassExt] SHA1 EDRPKEY.xls[AZf335/9HD3a7QK20m+oUcM9h1E=]
12-10-2018 08:04:30 [TMainClassExt] 
12-10-2018 08:04:30 [TMainClassExt] Iniciando...
12-10-2018 08:04:30 [TMainClassExt] 
12-10-2018 08:04:30 [TMainClassExt] InitApp: aplicacion...
12-10-2018 08:04:30 [TMainClassExt] ConectarApplication
12-10-2018 08:04:31 [TMainClassExt] ConnectString: 0030002C0030002C00530041005000420044005F00440061007400650076002C0050004C006F006D0056004900490056
12-10-2018 08:04:35 [TMainClassExt] InitApp: Estructura de datos - SHA1
12-10-2018 08:04:36 [TMainClassExt] SHA1 EDSHA1.xls[l3WiVuQQFESO8H5GNN0JHJi2Fus=]
12-10-2018 08:04:36 [TMainClassExt] SHA1 EDM.xls[HBL4vyseJwAQYUlIPmE5V1R+3Mc=]
12-10-2018 08:04:36 [TMainClassExt] SHA1 EDRPKEY.xls[AZf335/9HD3a7QK20m+oUcM9h1E=]
23-10-2018 12:39:03 [TMainClassExt] 
23-10-2018 12:39:03 [TMainClassExt] Iniciando...
23-10-2018 12:39:03 [TMainClassExt] 
23-10-2018 12:39:05 [TMainClassExt] InitApp: aplicacion...
23-10-2018 12:39:05 [TMainClassExt] ConectarApplication
23-10-2018 12:39:05 [TMainClassExt] ConnectString: 0030002C0030002C00530041005000420044005F00440061007400650076002C0050004C006F006D0056004900490056
23-10-2018 12:39:11 [TMainClassExt] InitApp: Estructura de datos - SHA1
23-10-2018 12:39:11 [TMainClassExt] SHA1 EDSHA1.xls[l3WiVuQQFESO8H5GNN0JHJi2Fus=]
23-10-2018 12:39:11 [TMainClassExt] SHA1 EDM.xls[HBL4vyseJwAQYUlIPmE5V1R+3Mc=]
23-10-2018 12:39:11 [TMainClassExt] SHA1 EDRPKEY.xls[AZf335/9HD3a7QK20m+oUcM9h1E=]
23-10-2018 12:56:41 [TMainClassExt] 
23-10-2018 12:56:41 [TMainClassExt] Iniciando...
23-10-2018 12:56:41 [TMainClassExt] 
23-10-2018 12:56:42 [TMainClassExt] InitApp: aplicacion...
23-10-2018 12:56:42 [TMainClassExt] ConectarApplication
23-10-2018 12:56:42 [TMainClassExt] ConnectString: 0030002C0030002C00530041005000420044005F00440061007400650076002C0050004C006F006D0056004900490056
23-10-2018 12:56:47 [TMainClassExt] InitApp: Estructura de datos - SHA1
23-10-2018 12:56:47 [TMainClassExt] SHA1 EDSHA1.xls[l3WiVuQQFESO8H5GNN0JHJi2Fus=]
23-10-2018 12:56:48 [TMainClassExt] SHA1 EDM.xls[HBL4vyseJwAQYUlIPmE5V1R+3Mc=]
23-10-2018 12:56:48 [TMainClassExt] SHA1 EDRPKEY.xls[AZf335/9HD3a7QK20m+oUcM9h1E=]
23-10-2018 01:05:53 [TMainClassExt] 
23-10-2018 01:05:53 [TMainClassExt] Iniciando...
23-10-2018 01:05:53 [TMainClassExt] 
23-10-2018 01:05:53 [TMainClassExt] InitApp: aplicacion...
23-10-2018 01:05:53 [TMainClassExt] ConectarApplication
23-10-2018 01:05:53 [TMainClassExt] ConnectString: 0030002C0030002C00530041005000420044005F00440061007400650076002C0050004C006F006D0056004900490056
23-10-2018 01:06:12 [TMainClassExt] InitApp: Estructura de datos - SHA1
23-10-2018 01:06:13 [TMainClassExt] SHA1 EDSHA1.xls[l3WiVuQQFESO8H5GNN0JHJi2Fus=]
23-10-2018 01:06:13 [TMainClassExt] SHA1 EDM.xls[HBL4vyseJwAQYUlIPmE5V1R+3Mc=]
23-10-2018 01:06:13 [TMainClassExt] SHA1 EDRPKEY.xls[AZf335/9HD3a7QK20m+oUcM9h1E=]
23-10-2018 01:25:23 [TMainClassExt] 
23-10-2018 01:25:23 [TMainClassExt] Iniciando...
23-10-2018 01:25:23 [TMainClassExt] 
23-10-2018 01:25:23 [TMainClassExt] InitApp: aplicacion...
23-10-2018 01:25:23 [TMainClassExt] ConectarApplication
23-10-2018 01:25:23 [TMainClassExt] ConnectString: 0030002C0030002C00530041005000420044005F00440061007400650076002C0050004C006F006D0056004900490056
23-10-2018 01:25:34 [TMainClassExt] InitApp: Estructura de datos - SHA1
23-10-2018 01:25:34 [TMainClassExt] SHA1 EDSHA1.xls[l3WiVuQQFESO8H5GNN0JHJi2Fus=]
23-10-2018 01:25:34 [TMainClassExt] SHA1 EDM.xls[HBL4vyseJwAQYUlIPmE5V1R+3Mc=]
23-10-2018 01:25:34 [TMainClassExt] SHA1 EDRPKEY.xls[AZf335/9HD3a7QK20m+oUcM9h1E=]
23-10-2018 01:50:18 [TMainClassExt] 
23-10-2018 01:50:18 [TMainClassExt] Iniciando...
23-10-2018 01:50:18 [TMainClassExt] 
23-10-2018 01:50:18 [TMainClassExt] InitApp: aplicacion...
23-10-2018 01:50:18 [TMainClassExt] ConectarApplication
23-10-2018 01:50:18 [TMainClassExt] ConnectString: 0030002C0030002C00530041005000420044005F00440061007400650076002C0050004C006F006D0056004900490056
23-10-2018 01:50:25 [TMainClassExt] InitApp: Estructura de datos - SHA1
23-10-2018 01:50:25 [TMainClassExt] SHA1 EDSHA1.xls[l3WiVuQQFESO8H5GNN0JHJi2Fus=]
23-10-2018 01:50:25 [TMainClassExt] SHA1 EDM.xls[HBL4vyseJwAQYUlIPmE5V1R+3Mc=]
23-10-2018 01:50:25 [TMainClassExt] SHA1 EDRPKEY.xls[AZf335/9HD3a7QK20m+oUcM9h1E=]
23-10-2018 10:03:19 [TMainClassExt] 
23-10-2018 10:03:19 [TMainClassExt] Iniciando...
23-10-2018 10:03:19 [TMainClassExt] 
23-10-2018 10:03:20 [TMainClassExt] InitApp: aplicacion...
23-10-2018 10:03:20 [TMainClassExt] ConectarApplication
23-10-2018 10:03:21 [TMainClassExt] ConnectString: 0030002C0030002C00530041005000420044005F00440061007400650076002C0050004C006F006D0056004900490056
23-10-2018 10:03:33 [TMainClassExt] InitApp: Estructura de datos - SHA1
23-10-2018 10:03:33 [TMainClassExt] SHA1 EDSHA1.xls[l3WiVuQQFESO8H5GNN0JHJi2Fus=]
23-10-2018 10:03:33 [TMainClassExt] SHA1 EDM.xls[HBL4vyseJwAQYUlIPmE5V1R+3Mc=]
23-10-2018 10:03:33 [TMainClassExt] SHA1 EDRPKEY.xls[AZf335/9HD3a7QK20m+oUcM9h1E=]
23-10-2018 10:09:49 [TMainClassExt] 
23-10-2018 10:09:49 [TMainClassExt] Iniciando...
23-10-2018 10:09:49 [TMainClassExt] 
23-10-2018 10:09:50 [TMainClassExt] InitApp: aplicacion...
23-10-2018 10:09:50 [TMainClassExt] ConectarApplication
23-10-2018 10:09:50 [TMainClassExt] ConnectString: 0030002C0030002C00530041005000420044005F00440061007400650076002C0050004C006F006D0056004900490056
24-10-2018 10:55:45 [TMainClassExt] 
24-10-2018 10:55:45 [TMainClassExt] Iniciando...
24-10-2018 10:55:45 [TMainClassExt] 
24-10-2018 10:55:46 [TMainClassExt] InitApp: aplicacion...
24-10-2018 10:55:46 [TMainClassExt] ConectarApplication
24-10-2018 10:55:46 [TMainClassExt] ConnectString: 0030002C0030002C00530041005000420044005F00440061007400650076002C0050004C006F006D0056004900490056
05-11-2018 10:54:10 [TMainClassExt] 
05-11-2018 10:54:10 [TMainClassExt] Iniciando...
05-11-2018 10:54:10 [TMainClassExt] 
05-11-2018 10:54:11 [TMainClassExt] InitApp: aplicacion...
05-11-2018 10:54:11 [TMainClassExt] ConectarApplication
05-11-2018 10:54:11 [TMainClassExt] ConnectString: 0030002C0030002C00530041005000420044005F00440061007400650076002C0050004C006F006D0056004900490056
05-11-2018 10:57:43 [TMainClassExt] InitApp: Estructura de datos - SHA1
05-11-2018 10:57:43 [TMainClassExt] SHA1 EDSHA1.xls[l3WiVuQQFESO8H5GNN0JHJi2Fus=]
05-11-2018 10:57:43 [TMainClassExt] SHA1 EDM.xls[HBL4vyseJwAQYUlIPmE5V1R+3Mc=]
05-11-2018 10:57:43 [TMainClassExt] SHA1 EDRPKEY.xls[AZf335/9HD3a7QK20m+oUcM9h1E=]
05-11-2018 11:20:21 [TMainClassExt] 
05-11-2018 11:20:21 [TMainClassExt] Iniciando...
05-11-2018 11:20:21 [TMainClassExt] 
05-11-2018 11:20:21 [TMainClassExt] InitApp: aplicacion...
05-11-2018 11:20:22 [TMainClassExt] ConectarApplication
05-11-2018 11:20:22 [TMainClassExt] ConnectString: 0030002C0030002C00530041005000420044005F00440061007400650076002C0050004C006F006D0056004900490056
05-11-2018 11:20:30 [TMainClassExt] InitApp: Estructura de datos - SHA1
05-11-2018 11:20:30 [TMainClassExt] SHA1 EDSHA1.xls[l3WiVuQQFESO8H5GNN0JHJi2Fus=]
05-11-2018 11:20:30 [TMainClassExt] SHA1 EDM.xls[HBL4vyseJwAQYUlIPmE5V1R+3Mc=]
05-11-2018 11:20:30 [TMainClassExt] SHA1 EDRPKEY.xls[AZf335/9HD3a7QK20m+oUcM9h1E=]
05-11-2018 11:27:41 [TMainClassExt] 
05-11-2018 11:27:41 [TMainClassExt] Iniciando...
05-11-2018 11:27:41 [TMainClassExt] 
05-11-2018 11:27:41 [TMainClassExt] InitApp: aplicacion...
05-11-2018 11:27:42 [TMainClassExt] ConectarApplication
05-11-2018 11:27:42 [TMainClassExt] ConnectString: 0030002C0030002C00530041005000420044005F00440061007400650076002C0050004C006F006D0056004900490056
05-11-2018 11:27:48 [TMainClassExt] InitApp: Estructura de datos - SHA1
05-11-2018 11:27:48 [TMainClassExt] SHA1 EDSHA1.xls[l3WiVuQQFESO8H5GNN0JHJi2Fus=]
05-11-2018 11:27:48 [TMainClassExt] SHA1 EDM.xls[HBL4vyseJwAQYUlIPmE5V1R+3Mc=]
05-11-2018 11:27:48 [TMainClassExt] SHA1 EDRPKEY.xls[AZf335/9HD3a7QK20m+oUcM9h1E=]
05-11-2018 11:38:33 [TMainClassExt] 
05-11-2018 11:38:33 [TMainClassExt] Iniciando...
05-11-2018 11:38:33 [TMainClassExt] 
05-11-2018 11:38:34 [TMainClassExt] InitApp: aplicacion...
05-11-2018 11:38:34 [TMainClassExt] ConectarApplication
05-11-2018 11:38:34 [TMainClassExt] ConnectString: 0030002C0030002C00530041005000420044005F00440061007400650076002C0050004C006F006D0056004900490056
05-11-2018 11:38:41 [TMainClassExt] InitApp: Estructura de datos - SHA1
05-11-2018 11:38:42 [TMainClassExt] SHA1 EDSHA1.xls[l3WiVuQQFESO8H5GNN0JHJi2Fus=]
05-11-2018 11:38:42 [TMainClassExt] SHA1 EDM.xls[HBL4vyseJwAQYUlIPmE5V1R+3Mc=]
05-11-2018 11:38:42 [TMainClassExt] SHA1 EDRPKEY.xls[AZf335/9HD3a7QK20m+oUcM9h1E=]
05-11-2018 12:04:26 [TMainClassExt] 
05-11-2018 12:04:26 [TMainClassExt] Iniciando...
05-11-2018 12:04:26 [TMainClassExt] 
05-11-2018 12:04:27 [TMainClassExt] InitApp: aplicacion...
05-11-2018 12:04:27 [TMainClassExt] ConectarApplication
05-11-2018 12:04:27 [TMainClassExt] ConnectString: 0030002C0030002C00530041005000420044005F00440061007400650076002C0050004C006F006D0056004900490056
05-11-2018 12:04:32 [TMainClassExt] InitApp: Estructura de datos - SHA1
05-11-2018 12:04:33 [TMainClassExt] SHA1 EDSHA1.xls[l3WiVuQQFESO8H5GNN0JHJi2Fus=]
05-11-2018 12:04:33 [TMainClassExt] SHA1 EDM.xls[HBL4vyseJwAQYUlIPmE5V1R+3Mc=]
05-11-2018 12:04:33 [TMainClassExt] SHA1 EDRPKEY.xls[AZf335/9HD3a7QK20m+oUcM9h1E=]
05-11-2018 12:09:36 [TMainClassExt] 
05-11-2018 12:09:36 [TMainClassExt] Iniciando...
05-11-2018 12:09:36 [TMainClassExt] 
05-11-2018 12:09:36 [TMainClassExt] InitApp: aplicacion...
05-11-2018 12:09:36 [TMainClassExt] ConectarApplication
05-11-2018 12:09:36 [TMainClassExt] ConnectString: 0030002C0030002C00530041005000420044005F00440061007400650076002C0050004C006F006D0056004900490056
05-11-2018 12:09:39 [TMainClassExt] InitApp: Estructura de datos - SHA1
05-11-2018 12:09:39 [TMainClassExt] SHA1 EDSHA1.xls[l3WiVuQQFESO8H5GNN0JHJi2Fus=]
05-11-2018 12:09:39 [TMainClassExt] SHA1 EDM.xls[HBL4vyseJwAQYUlIPmE5V1R+3Mc=]
05-11-2018 12:09:39 [TMainClassExt] SHA1 EDRPKEY.xls[AZf335/9HD3a7QK20m+oUcM9h1E=]
05-11-2018 12:25:38 [TMainClassExt] 
05-11-2018 12:25:38 [TMainClassExt] Iniciando...
05-11-2018 12:25:38 [TMainClassExt] 
05-11-2018 12:25:38 [TMainClassExt] InitApp: aplicacion...
05-11-2018 12:25:38 [TMainClassExt] ConectarApplication
05-11-2018 12:25:38 [TMainClassExt] ConnectString: 0030002C0030002C00530041005000420044005F00440061007400650076002C0050004C006F006D0056004900490056
05-11-2018 12:25:45 [TMainClassExt] InitApp: Estructura de datos - SHA1
05-11-2018 12:25:45 [TMainClassExt] SHA1 EDSHA1.xls[l3WiVuQQFESO8H5GNN0JHJi2Fus=]
05-11-2018 12:25:45 [TMainClassExt] SHA1 EDM.xls[HBL4vyseJwAQYUlIPmE5V1R+3Mc=]
05-11-2018 12:25:45 [TMainClassExt] SHA1 EDRPKEY.xls[AZf335/9HD3a7QK20m+oUcM9h1E=]
05-11-2018 12:34:31 [TMainClassExt] 
05-11-2018 12:34:31 [TMainClassExt] Iniciando...
05-11-2018 12:34:31 [TMainClassExt] 
05-11-2018 12:34:31 [TMainClassExt] InitApp: aplicacion...
05-11-2018 12:34:31 [TMainClassExt] ConectarApplication
05-11-2018 12:34:31 [TMainClassExt] ConnectString: 0030002C0030002C00530041005000420044005F00440061007400650076002C0050004C006F006D0056004900490056
05-11-2018 12:34:42 [TMainClassExt] InitApp: Estructura de datos - SHA1
05-11-2018 12:34:42 [TMainClassExt] SHA1 EDSHA1.xls[l3WiVuQQFESO8H5GNN0JHJi2Fus=]
05-11-2018 12:34:42 [TMainClassExt] SHA1 EDM.xls[HBL4vyseJwAQYUlIPmE5V1R+3Mc=]
05-11-2018 12:34:42 [TMainClassExt] SHA1 EDRPKEY.xls[AZf335/9HD3a7QK20m+oUcM9h1E=]
05-11-2018 12:35:14 [TMainClassExt] 
05-11-2018 12:35:14 [TMainClassExt] Iniciando...
05-11-2018 12:35:14 [TMainClassExt] 
05-11-2018 12:35:15 [TMainClassExt] InitApp: aplicacion...
05-11-2018 12:35:15 [TMainClassExt] ConectarApplication
05-11-2018 12:35:15 [TMainClassExt] ConnectString: 0030002C0030002C00530041005000420044005F00440061007400650076002C0050004C006F006D0056004900490056
05-11-2018 12:35:21 [TMainClassExt] InitApp: Estructura de datos - SHA1
05-11-2018 12:35:21 [TMainClassExt] SHA1 EDSHA1.xls[l3WiVuQQFESO8H5GNN0JHJi2Fus=]
05-11-2018 12:35:21 [TMainClassExt] SHA1 EDM.xls[HBL4vyseJwAQYUlIPmE5V1R+3Mc=]
05-11-2018 12:35:21 [TMainClassExt] SHA1 EDRPKEY.xls[AZf335/9HD3a7QK20m+oUcM9h1E=]
05-11-2018 12:47:20 [TMainClassExt] 
05-11-2018 12:47:21 [TMainClassExt] Iniciando...
05-11-2018 12:47:21 [TMainClassExt] 
05-11-2018 12:47:21 [TMainClassExt] InitApp: aplicacion...
05-11-2018 12:47:21 [TMainClassExt] ConectarApplication
05-11-2018 12:47:22 [TMainClassExt] ConnectString: 0030002C0030002C00530041005000420044005F00440061007400650076002C0050004C006F006D0056004900490056
05-11-2018 12:47:26 [TMainClassExt] InitApp: Estructura de datos - SHA1
05-11-2018 12:47:26 [TMainClassExt] SHA1 EDSHA1.xls[l3WiVuQQFESO8H5GNN0JHJi2Fus=]
05-11-2018 12:47:26 [TMainClassExt] SHA1 EDM.xls[HBL4vyseJwAQYUlIPmE5V1R+3Mc=]
05-11-2018 12:47:26 [TMainClassExt] SHA1 EDRPKEY.xls[AZf335/9HD3a7QK20m+oUcM9h1E=]
08-11-2018 03:41:02 [TMainClassExt] 
08-11-2018 03:41:02 [TMainClassExt] Iniciando...
08-11-2018 03:41:02 [TMainClassExt] 
08-11-2018 03:41:03 [TMainClassExt] InitApp: aplicacion...
08-11-2018 03:41:03 [TMainClassExt] ConectarApplication
08-11-2018 03:41:03 [TMainClassExt] ConnectString: 0030002C0030002C00530041005000420044005F00440061007400650076002C0050004C006F006D0056004900490056
08-11-2018 03:41:15 [TMainClassExt] InitApp: Estructura de datos - SHA1
08-11-2018 03:41:15 [TMainClassExt] SHA1 EDSHA1.xls[l3WiVuQQFESO8H5GNN0JHJi2Fus=]
08-11-2018 03:41:16 [TMainClassExt] SHA1 EDM.xls[HBL4vyseJwAQYUlIPmE5V1R+3Mc=]
08-11-2018 03:41:16 [TMainClassExt] SHA1 EDRPKEY.xls[AZf335/9HD3a7QK20m+oUcM9h1E=]
08-11-2018 03:50:40 [TMainClassExt] 
08-11-2018 03:50:40 [TMainClassExt] Iniciando...
08-11-2018 03:50:40 [TMainClassExt] 
08-11-2018 03:50:41 [TMainClassExt] InitApp: aplicacion...
08-11-2018 03:50:41 [TMainClassExt] ConectarApplication
08-11-2018 03:50:41 [TMainClassExt] ConnectString: 0030002C0030002C00530041005000420044005F00440061007400650076002C0050004C006F006D0056004900490056
08-11-2018 03:50:47 [TMainClassExt] InitApp: Estructura de datos - SHA1
08-11-2018 03:50:47 [TMainClassExt] SHA1 EDSHA1.xls[l3WiVuQQFESO8H5GNN0JHJi2Fus=]
08-11-2018 03:50:47 [TMainClassExt] SHA1 EDM.xls[HBL4vyseJwAQYUlIPmE5V1R+3Mc=]
08-11-2018 03:50:47 [TMainClassExt] SHA1 EDRPKEY.xls[AZf335/9HD3a7QK20m+oUcM9h1E=]
13-11-2018 05:57:29 [TMainClassExt] 
13-11-2018 05:57:29 [TMainClassExt] Iniciando...
13-11-2018 05:57:29 [TMainClassExt] 
13-11-2018 05:57:29 [TMainClassExt] InitApp: aplicacion...
13-11-2018 05:57:29 [TMainClassExt] ConectarApplication
13-11-2018 05:57:29 [TMainClassExt] ConnectString: 0030002C0030002C00530041005000420044005F00440061007400650076002C0050004C006F006D0056004900490056
13-11-2018 05:57:35 [TMainClassExt] InitApp: Estructura de datos - SHA1
13-11-2018 05:57:36 [TMainClassExt] SHA1 EDSHA1.xls[l3WiVuQQFESO8H5GNN0JHJi2Fus=]
13-11-2018 05:57:36 [TMainClassExt] SHA1 EDM.xls[HBL4vyseJwAQYUlIPmE5V1R+3Mc=]
13-11-2018 05:57:36 [TMainClassExt] SHA1 EDRPKEY.xls[AZf335/9HD3a7QK20m+oUcM9h1E=]
14-11-2018 11:37:18 [TMainClassExt] 
14-11-2018 11:37:18 [TMainClassExt] Iniciando...
14-11-2018 11:37:18 [TMainClassExt] 
14-11-2018 11:37:19 [TMainClassExt] InitApp: aplicacion...
14-11-2018 11:37:19 [TMainClassExt] ConectarApplication
14-11-2018 11:37:19 [TMainClassExt] ConnectString: 0030002C0030002C00530041005000420044005F00440061007400650076002C0050004C006F006D0056004900490056
14-11-2018 11:37:32 [TMainClassExt] InitApp: Estructura de datos - SHA1
14-11-2018 11:37:33 [TMainClassExt] SHA1 EDSHA1.xls[l3WiVuQQFESO8H5GNN0JHJi2Fus=]
14-11-2018 11:37:33 [TMainClassExt] SHA1 EDM.xls[HBL4vyseJwAQYUlIPmE5V1R+3Mc=]
14-11-2018 11:37:33 [TMainClassExt] SHA1 EDRPKEY.xls[AZf335/9HD3a7QK20m+oUcM9h1E=]
14-11-2018 11:42:32 [TMainClassExt] 
14-11-2018 11:42:32 [TMainClassExt] Iniciando...
14-11-2018 11:42:32 [TMainClassExt] 
14-11-2018 11:42:32 [TMainClassExt] InitApp: aplicacion...
14-11-2018 11:42:32 [TMainClassExt] ConectarApplication
14-11-2018 11:42:32 [TMainClassExt] ConnectString: 0030002C0030002C00530041005000420044005F00440061007400650076002C0050004C006F006D0056004900490056
14-11-2018 11:42:38 [TMainClassExt] InitApp: Estructura de datos - SHA1
14-11-2018 11:42:38 [TMainClassExt] SHA1 EDSHA1.xls[l3WiVuQQFESO8H5GNN0JHJi2Fus=]
14-11-2018 11:42:38 [TMainClassExt] SHA1 EDM.xls[HBL4vyseJwAQYUlIPmE5V1R+3Mc=]
14-11-2018 11:42:39 [TMainClassExt] SHA1 EDRPKEY.xls[AZf335/9HD3a7QK20m+oUcM9h1E=]
14-11-2018 12:04:53 [TMainClassExt] 
14-11-2018 12:04:53 [TMainClassExt] Iniciando...
14-11-2018 12:04:53 [TMainClassExt] 
14-11-2018 12:04:54 [TMainClassExt] InitApp: aplicacion...
14-11-2018 12:04:54 [TMainClassExt] ConectarApplication
14-11-2018 12:04:54 [TMainClassExt] ConnectString: 0030002C0030002C00530041005000420044005F00440061007400650076002C0050004C006F006D0056004900490056
14-11-2018 12:05:00 [TMainClassExt] InitApp: Estructura de datos - SHA1
14-11-2018 12:05:00 [TMainClassExt] SHA1 EDSHA1.xls[l3WiVuQQFESO8H5GNN0JHJi2Fus=]
14-11-2018 12:05:00 [TMainClassExt] SHA1 EDM.xls[HBL4vyseJwAQYUlIPmE5V1R+3Mc=]
14-11-2018 12:05:00 [TMainClassExt] SHA1 EDRPKEY.xls[AZf335/9HD3a7QK20m+oUcM9h1E=]
15-11-2018 08:23:25 [TMainClassExt] 
15-11-2018 08:23:25 [TMainClassExt] Iniciando...
15-11-2018 08:23:25 [TMainClassExt] 
15-11-2018 08:23:26 [TMainClassExt] InitApp: aplicacion...
15-11-2018 08:23:26 [TMainClassExt] ConectarApplication
15-11-2018 08:23:26 [TMainClassExt] ConnectString: 0030002C0030002C00530041005000420044005F00440061007400650076002C0050004C006F006D0056004900490056
15-11-2018 08:23:44 [TMainClassExt] InitApp: Estructura de datos - SHA1
15-11-2018 08:23:45 [TMainClassExt] SHA1 EDSHA1.xls[l3WiVuQQFESO8H5GNN0JHJi2Fus=]
15-11-2018 08:23:45 [TMainClassExt] SHA1 EDM.xls[HBL4vyseJwAQYUlIPmE5V1R+3Mc=]
15-11-2018 08:23:45 [TMainClassExt] SHA1 EDRPKEY.xls[AZf335/9HD3a7QK20m+oUcM9h1E=]
19-11-2018 11:40:28 [TMainClassExt] 
19-11-2018 11:40:28 [TMainClassExt] Iniciando...
19-11-2018 11:40:28 [TMainClassExt] 
19-11-2018 11:40:29 [TMainClassExt] InitApp: aplicacion...
19-11-2018 11:40:29 [TMainClassExt] ConectarApplication
19-11-2018 11:40:29 [TMainClassExt] ConnectString: 0030002C0030002C00530041005000420044005F00440061007400650076002C0050004C006F006D0056004900490056
19-11-2018 11:40:47 [TMainClassExt] InitApp: Estructura de datos - SHA1
19-11-2018 11:40:47 [TMainClassExt] SHA1 EDSHA1.xls[l3WiVuQQFESO8H5GNN0JHJi2Fus=]
19-11-2018 11:40:47 [TMainClassExt] SHA1 EDM.xls[HBL4vyseJwAQYUlIPmE5V1R+3Mc=]
19-11-2018 11:40:47 [TMainClassExt] SHA1 EDRPKEY.xls[AZf335/9HD3a7QK20m+oUcM9h1E=]
19-11-2018 11:59:02 [TMainClassExt] 
19-11-2018 11:59:02 [TMainClassExt] Iniciando...
19-11-2018 11:59:02 [TMainClassExt] 
19-11-2018 11:59:03 [TMainClassExt] InitApp: aplicacion...
19-11-2018 11:59:03 [TMainClassExt] ConectarApplication
19-11-2018 11:59:03 [TMainClassExt] ConnectString: 0030002C0030002C00530041005000420044005F00440061007400650076002C0050004C006F006D0056004900490056
19-11-2018 11:59:11 [TMainClassExt] InitApp: Estructura de datos - SHA1
19-11-2018 11:59:11 [TMainClassExt] SHA1 EDSHA1.xls[l3WiVuQQFESO8H5GNN0JHJi2Fus=]
19-11-2018 11:59:11 [TMainClassExt] SHA1 EDM.xls[HBL4vyseJwAQYUlIPmE5V1R+3Mc=]
19-11-2018 11:59:11 [TMainClassExt] SHA1 EDRPKEY.xls[AZf335/9HD3a7QK20m+oUcM9h1E=]
20-11-2018 10:59:04 [TMainClassExt] 
20-11-2018 10:59:04 [TMainClassExt] Iniciando...
20-11-2018 10:59:04 [TMainClassExt] 
20-11-2018 10:59:05 [TMainClassExt] InitApp: aplicacion...
20-11-2018 10:59:05 [TMainClassExt] ConectarApplication
20-11-2018 10:59:05 [TMainClassExt] ConnectString: 0030002C0030002C00530041005000420044005F00440061007400650076002C0050004C006F006D0056004900490056
20-11-2018 10:59:19 [TMainClassExt] InitApp: Estructura de datos - SHA1
20-11-2018 10:59:19 [TMainClassExt] SHA1 EDSHA1.xls[l3WiVuQQFESO8H5GNN0JHJi2Fus=]
20-11-2018 10:59:19 [TMainClassExt] SHA1 EDM.xls[HBL4vyseJwAQYUlIPmE5V1R+3Mc=]
20-11-2018 10:59:19 [TMainClassExt] SHA1 EDRPKEY.xls[AZf335/9HD3a7QK20m+oUcM9h1E=]
20-11-2018 07:07:57 [TMainClassExt] 
20-11-2018 07:07:57 [TMainClassExt] Iniciando...
20-11-2018 07:07:57 [TMainClassExt] 
20-11-2018 07:07:58 [TMainClassExt] InitApp: aplicacion...
20-11-2018 07:07:58 [TMainClassExt] ConectarApplication
20-11-2018 07:07:58 [TMainClassExt] ConnectString: 0030002C0030002C00530041005000420044005F00440061007400650076002C0050004C006F006D0056004900490056
20-11-2018 07:08:10 [TMainClassExt] InitApp: Estructura de datos - SHA1
20-11-2018 07:08:10 [TMainClassExt] SHA1 EDSHA1.xls[l3WiVuQQFESO8H5GNN0JHJi2Fus=]
20-11-2018 07:08:10 [TMainClassExt] SHA1 EDM.xls[HBL4vyseJwAQYUlIPmE5V1R+3Mc=]
20-11-2018 07:08:10 [TMainClassExt] SHA1 EDRPKEY.xls[AZf335/9HD3a7QK20m+oUcM9h1E=]
20-11-2018 07:44:38 [TMainClassExt] 
20-11-2018 07:44:38 [TMainClassExt] Iniciando...
20-11-2018 07:44:38 [TMainClassExt] 
20-11-2018 07:44:39 [TMainClassExt] InitApp: aplicacion...
20-11-2018 07:44:39 [TMainClassExt] ConectarApplication
20-11-2018 07:44:39 [TMainClassExt] ConnectString: 0030002C0030002C00530041005000420044005F00440061007400650076002C0050004C006F006D0056004900490056
20-11-2018 07:53:25 [TMainClassExt] InitApp: Estructura de datos - SHA1
20-11-2018 07:53:25 [TMainClassExt] SHA1 EDSHA1.xls[l3WiVuQQFESO8H5GNN0JHJi2Fus=]
20-11-2018 07:53:25 [TMainClassExt] SHA1 EDM.xls[HBL4vyseJwAQYUlIPmE5V1R+3Mc=]
20-11-2018 07:53:25 [TMainClassExt] SHA1 EDRPKEY.xls[AZf335/9HD3a7QK20m+oUcM9h1E=]
20-11-2018 09:07:46 [TMainClassExt] 
20-11-2018 09:07:46 [TMainClassExt] Iniciando...
20-11-2018 09:07:46 [TMainClassExt] 
20-11-2018 09:07:46 [TMainClassExt] InitApp: aplicacion...
20-11-2018 09:07:46 [TMainClassExt] ConectarApplication
20-11-2018 09:07:46 [TMainClassExt] ConnectString: 0030002C0030002C00530041005000420044005F00440061007400650076002C0050004C006F006D0056004900490056
20-11-2018 09:08:05 [TMainClassExt] InitApp: Estructura de datos - SHA1
20-11-2018 09:08:05 [TMainClassExt] SHA1 EDSHA1.xls[l3WiVuQQFESO8H5GNN0JHJi2Fus=]
20-11-2018 09:08:05 [TMainClassExt] SHA1 EDM.xls[HBL4vyseJwAQYUlIPmE5V1R+3Mc=]
20-11-2018 09:08:05 [TMainClassExt] SHA1 EDRPKEY.xls[AZf335/9HD3a7QK20m+oUcM9h1E=]
20-11-2018 09:09:42 [TMainClassExt] 
20-11-2018 09:09:42 [TMainClassExt] Iniciando...
20-11-2018 09:09:42 [TMainClassExt] 
20-11-2018 09:09:43 [TMainClassExt] InitApp: aplicacion...
20-11-2018 09:09:43 [TMainClassExt] ConectarApplication
20-11-2018 09:09:43 [TMainClassExt] ConnectString: 0030002C0030002C00530041005000420044005F00440061007400650076002C0050004C006F006D0056004900490056
20-11-2018 09:09:49 [TMainClassExt] InitApp: Estructura de datos - SHA1
20-11-2018 09:09:49 [TMainClassExt] SHA1 EDSHA1.xls[l3WiVuQQFESO8H5GNN0JHJi2Fus=]
20-11-2018 09:09:49 [TMainClassExt] SHA1 EDM.xls[HBL4vyseJwAQYUlIPmE5V1R+3Mc=]
20-11-2018 09:09:49 [TMainClassExt] SHA1 EDRPKEY.xls[AZf335/9HD3a7QK20m+oUcM9h1E=]
20-11-2018 09:11:10 [TMainClassExt] 
20-11-2018 09:11:10 [TMainClassExt] Iniciando...
20-11-2018 09:11:10 [TMainClassExt] 
20-11-2018 09:11:10 [TMainClassExt] InitApp: aplicacion...
20-11-2018 09:11:11 [TMainClassExt] ConectarApplication
20-11-2018 09:11:11 [TMainClassExt] ConnectString: 0030002C0030002C00530041005000420044005F00440061007400650076002C0050004C006F006D0056004900490056
20-11-2018 09:11:17 [TMainClassExt] InitApp: Estructura de datos - SHA1
20-11-2018 09:11:17 [TMainClassExt] SHA1 EDSHA1.xls[l3WiVuQQFESO8H5GNN0JHJi2Fus=]
20-11-2018 09:11:17 [TMainClassExt] SHA1 EDM.xls[HBL4vyseJwAQYUlIPmE5V1R+3Mc=]
20-11-2018 09:11:17 [TMainClassExt] SHA1 EDRPKEY.xls[AZf335/9HD3a7QK20m+oUcM9h1E=]
20-11-2018 09:16:34 [TMainClassExt] 
20-11-2018 09:16:34 [TMainClassExt] Iniciando...
20-11-2018 09:16:34 [TMainClassExt] 
20-11-2018 09:16:35 [TMainClassExt] InitApp: aplicacion...
20-11-2018 09:16:35 [TMainClassExt] ConectarApplication
20-11-2018 09:16:35 [TMainClassExt] ConnectString: 0030002C0030002C00530041005000420044005F00440061007400650076002C0050004C006F006D0056004900490056
20-11-2018 09:16:46 [TMainClassExt] 
20-11-2018 09:16:46 [TMainClassExt] Iniciando...
20-11-2018 09:16:46 [TMainClassExt] 
20-11-2018 09:16:46 [TMainClassExt] InitApp: aplicacion...
20-11-2018 09:16:46 [TMainClassExt] ConectarApplication
20-11-2018 09:16:46 [TMainClassExt] ConnectString: 0030002C0030002C00530041005000420044005F00440061007400650076002C0050004C006F006D0056004900490056
20-11-2018 09:17:10 [TMainClassExt] 
20-11-2018 09:17:10 [TMainClassExt] Iniciando...
20-11-2018 09:17:10 [TMainClassExt] 
20-11-2018 09:17:11 [TMainClassExt] InitApp: aplicacion...
20-11-2018 09:17:11 [TMainClassExt] ConectarApplication
20-11-2018 09:17:11 [TMainClassExt] ConnectString: 0030002C0030002C00530041005000420044005F00440061007400650076002C0050004C006F006D0056004900490056
20-11-2018 09:17:32 [TMainClassExt] 
20-11-2018 09:17:32 [TMainClassExt] Iniciando...
20-11-2018 09:17:32 [TMainClassExt] 
20-11-2018 09:17:33 [TMainClassExt] InitApp: aplicacion...
20-11-2018 09:17:33 [TMainClassExt] ConectarApplication
20-11-2018 09:17:33 [TMainClassExt] ConnectString: 0030002C0030002C00530041005000420044005F00440061007400650076002C0050004C006F006D0056004900490056
20-11-2018 09:17:56 [TMainClassExt] 
20-11-2018 09:17:56 [TMainClassExt] Iniciando...
20-11-2018 09:17:56 [TMainClassExt] 
20-11-2018 09:17:57 [TMainClassExt] InitApp: aplicacion...
20-11-2018 09:17:57 [TMainClassExt] ConectarApplication
20-11-2018 09:17:57 [TMainClassExt] ConnectString: 0030002C0030002C00530041005000420044005F00440061007400650076002C0050004C006F006D0056004900490056
20-11-2018 09:18:09 [TMainClassExt] InitApp: Estructura de datos - SHA1
20-11-2018 09:18:10 [TMainClassExt] SHA1 EDSHA1.xls[l3WiVuQQFESO8H5GNN0JHJi2Fus=]
20-11-2018 09:18:10 [TMainClassExt] SHA1 EDM.xls[HBL4vyseJwAQYUlIPmE5V1R+3Mc=]
20-11-2018 09:18:10 [TMainClassExt] SHA1 EDRPKEY.xls[AZf335/9HD3a7QK20m+oUcM9h1E=]
20-11-2018 09:18:46 [TMainClassExt] 
20-11-2018 09:18:46 [TMainClassExt] Iniciando...
20-11-2018 09:18:46 [TMainClassExt] 
20-11-2018 09:18:47 [TMainClassExt] InitApp: aplicacion...
20-11-2018 09:18:47 [TMainClassExt] ConectarApplication
20-11-2018 09:18:47 [TMainClassExt] ConnectString: 0030002C0030002C00530041005000420044005F00440061007400650076002C0050004C006F006D0056004900490056
20-11-2018 09:18:55 [TMainClassExt] SBOAppMenuEvent Referencia a objeto no establecida como instancia de un objeto. Trace:    en VisualD.MainObjBase.TMainObjBase.MenuEventExt(List`1 oForms, MenuEvent& pVal, Boolean& BubbleEvent) en C:\VisualK\Proyectos\PrismLibDLL\VisualD.MainObjBase\..\SBOLib-Source\VisualD.MainObjBase.pas:línea 101
   en Factura_Electronica_VK.FElecObj.TFacturaElec.MenuEventExt(List`1 oForms, MenuEvent& pVal, Boolean& BubbleEvent) en c:\Users\ajose\Documents\VisualK\Proyectos\Factura Electronica VK Peru\Units\FElecObj.cs:línea 65
   en VisualD.Main.TMainClass.SBOAppMenuEvent(MenuEvent& pVal, Boolean& BubbleEvent) en C:\VisualK\Proyectos\PrismLibDLL\VisualD.Main\..\SBOLib-Source\VisualD.Main.pas:línea 359
20-11-2018 09:18:56 [TMainClassExt] SBOAppMenuEvent Referencia a objeto no establecida como instancia de un objeto. Trace:    en VisualD.MainObjBase.TMainObjBase.MenuEventExt(List`1 oForms, MenuEvent& pVal, Boolean& BubbleEvent) en C:\VisualK\Proyectos\PrismLibDLL\VisualD.MainObjBase\..\SBOLib-Source\VisualD.MainObjBase.pas:línea 101
   en Factura_Electronica_VK.FElecObj.TFacturaElec.MenuEventExt(List`1 oForms, MenuEvent& pVal, Boolean& BubbleEvent) en c:\Users\ajose\Documents\VisualK\Proyectos\Factura Electronica VK Peru\Units\FElecObj.cs:línea 65
   en VisualD.Main.TMainClass.SBOAppMenuEvent(MenuEvent& pVal, Boolean& BubbleEvent) en C:\VisualK\Proyectos\PrismLibDLL\VisualD.Main\..\SBOLib-Source\VisualD.Main.pas:línea 359
20-11-2018 09:23:28 [TMainClassExt] 
20-11-2018 09:23:28 [TMainClassExt] Iniciando...
20-11-2018 09:23:28 [TMainClassExt] 
20-11-2018 09:23:28 [TMainClassExt] InitApp: aplicacion...
20-11-2018 09:23:28 [TMainClassExt] ConectarApplication
20-11-2018 09:23:28 [TMainClassExt] ConnectString: 0030002C0030002C00530041005000420044005F00440061007400650076002C0050004C006F006D0056004900490056
20-11-2018 09:23:34 [TMainClassExt] InitApp: Estructura de datos - SHA1
20-11-2018 09:23:34 [TMainClassExt] SHA1 EDSHA1.xls[l3WiVuQQFESO8H5GNN0JHJi2Fus=]
20-11-2018 09:23:34 [TMainClassExt] SHA1 EDM.xls[HBL4vyseJwAQYUlIPmE5V1R+3Mc=]
20-11-2018 09:23:34 [TMainClassExt] SHA1 EDRPKEY.xls[AZf335/9HD3a7QK20m+oUcM9h1E=]
21-11-2018 10:37:48 [TMainClassExt] 
21-11-2018 10:37:48 [TMainClassExt] Iniciando...
21-11-2018 10:37:48 [TMainClassExt] 
21-11-2018 10:37:49 [TMainClassExt] InitApp: aplicacion...
21-11-2018 10:37:49 [TMainClassExt] ConectarApplication
21-11-2018 10:37:49 [TMainClassExt] ConnectString: 0030002C0030002C00530041005000420044005F00440061007400650076002C0050004C006F006D0056004900490056
21-11-2018 10:37:58 [TMainClassExt] InitApp: Estructura de datos - SHA1
21-11-2018 10:37:58 [TMainClassExt] SHA1 EDSHA1.xls[l3WiVuQQFESO8H5GNN0JHJi2Fus=]
21-11-2018 10:37:58 [TMainClassExt] SHA1 EDM.xls[HBL4vyseJwAQYUlIPmE5V1R+3Mc=]
21-11-2018 10:37:58 [TMainClassExt] SHA1 EDRPKEY.xls[AZf335/9HD3a7QK20m+oUcM9h1E=]
21-11-2018 10:40:01 [TMainClassExt] 
21-11-2018 10:40:02 [TMainClassExt] Iniciando...
21-11-2018 10:40:02 [TMainClassExt] 
21-11-2018 10:40:02 [TMainClassExt] InitApp: aplicacion...
21-11-2018 10:40:02 [TMainClassExt] ConectarApplication
21-11-2018 10:40:03 [TMainClassExt] ConnectString: 0030002C0030002C00530041005000420044005F00440061007400650076002C0050004C006F006D0056004900490056
21-11-2018 10:40:10 [TMainClassExt] InitApp: Estructura de datos - SHA1
21-11-2018 10:40:10 [TMainClassExt] SHA1 EDSHA1.xls[l3WiVuQQFESO8H5GNN0JHJi2Fus=]
21-11-2018 10:40:10 [TMainClassExt] SHA1 EDM.xls[HBL4vyseJwAQYUlIPmE5V1R+3Mc=]
21-11-2018 10:40:10 [TMainClassExt] SHA1 EDRPKEY.xls[AZf335/9HD3a7QK20m+oUcM9h1E=]
25-11-2018 10:11:02 [TMainClassExt] 
25-11-2018 10:11:02 [TMainClassExt] Iniciando...
25-11-2018 10:11:02 [TMainClassExt] 
25-11-2018 10:11:02 [TMainClassExt] InitApp: aplicacion...
25-11-2018 10:11:02 [TMainClassExt] ConectarApplication
25-11-2018 10:11:02 [TMainClassExt] ConnectString: 0030002C0030002C00530041005000420044005F00440061007400650076002C0050004C006F006D0056004900490056
25-11-2018 10:11:14 [TMainClassExt] InitApp: Estructura de datos - SHA1
25-11-2018 10:11:14 [TMainClassExt] SHA1 EDSHA1.xls[l3WiVuQQFESO8H5GNN0JHJi2Fus=]
25-11-2018 10:11:14 [TMainClassExt] SHA1 EDM.xls[HBL4vyseJwAQYUlIPmE5V1R+3Mc=]
25-11-2018 10:11:14 [TMainClassExt] SHA1 EDRPKEY.xls[AZf335/9HD3a7QK20m+oUcM9h1E=]
26-11-2018 10:35:53 [TMainClassExt] 
26-11-2018 10:35:53 [TMainClassExt] Iniciando...
26-11-2018 10:35:53 [TMainClassExt] 
26-11-2018 10:35:54 [TMainClassExt] InitApp: aplicacion...
26-11-2018 10:35:54 [TMainClassExt] ConectarApplication
26-11-2018 10:35:54 [TMainClassExt] ConnectString: 0030002C0030002C00530041005000420044005F00440061007400650076002C0050004C006F006D0056004900490056
26-11-2018 10:36:07 [TMainClassExt] InitApp: Estructura de datos - SHA1
26-11-2018 10:36:07 [TMainClassExt] SHA1 EDSHA1.xls[l3WiVuQQFESO8H5GNN0JHJi2Fus=]
26-11-2018 10:36:08 [TMainClassExt] SHA1 EDM.xls[HBL4vyseJwAQYUlIPmE5V1R+3Mc=]
26-11-2018 10:36:08 [TMainClassExt] SHA1 EDRPKEY.xls[AZf335/9HD3a7QK20m+oUcM9h1E=]
28-11-2018 01:00:22 [TMainClassExt] 
28-11-2018 01:00:23 [TMainClassExt] Iniciando...
28-11-2018 01:00:23 [TMainClassExt] 
28-11-2018 01:00:23 [TMainClassExt] InitApp: aplicacion...
28-11-2018 01:00:23 [TMainClassExt] ConectarApplication
28-11-2018 01:00:23 [TMainClassExt] ConnectString: 0030002C0030002C00530041005000420044005F00440061007400650076002C0050004C006F006D0056004900490056
28-11-2018 01:00:37 [TMainClassExt] InitApp: Estructura de datos - SHA1
28-11-2018 01:00:38 [TMainClassExt] SHA1 EDSHA1.xls[l3WiVuQQFESO8H5GNN0JHJi2Fus=]
28-11-2018 01:00:38 [TMainClassExt] SHA1 EDM.xls[HBL4vyseJwAQYUlIPmE5V1R+3Mc=]
28-11-2018 01:00:38 [TMainClassExt] SHA1 EDRPKEY.xls[AZf335/9HD3a7QK20m+oUcM9h1E=]
28-11-2018 04:43:25 [TMainClassExt] 
28-11-2018 04:43:25 [TMainClassExt] Iniciando...
28-11-2018 04:43:25 [TMainClassExt] 
28-11-2018 04:43:26 [TMainClassExt] InitApp: aplicacion...
28-11-2018 04:43:26 [TMainClassExt] ConectarApplication
28-11-2018 04:43:26 [TMainClassExt] ConnectString: 0030002C0030002C00530041005000420044005F00440061007400650076002C0050004C006F006D0056004900490056
28-11-2018 04:43:50 [TMainClassExt] InitApp: Estructura de datos - SHA1
28-11-2018 04:43:50 [TMainClassExt] SHA1 EDSHA1.xls[l3WiVuQQFESO8H5GNN0JHJi2Fus=]
28-11-2018 04:43:50 [TMainClassExt] SHA1 EDM.xls[HBL4vyseJwAQYUlIPmE5V1R+3Mc=]
28-11-2018 04:43:50 [TMainClassExt] SHA1 EDRPKEY.xls[AZf335/9HD3a7QK20m+oUcM9h1E=]
28-11-2018 06:35:04 [TMainClassExt] 
28-11-2018 06:35:04 [TMainClassExt] Iniciando...
28-11-2018 06:35:04 [TMainClassExt] 
28-11-2018 06:35:05 [TMainClassExt] InitApp: aplicacion...
28-11-2018 06:35:05 [TMainClassExt] ConectarApplication
28-11-2018 06:35:05 [TMainClassExt] ConnectString: 0030002C0030002C00530041005000420044005F00440061007400650076002C0050004C006F006D0056004900490056
28-11-2018 06:35:10 [TMainClassExt] InitApp: Estructura de datos - SHA1
28-11-2018 06:35:10 [TMainClassExt] SHA1 EDSHA1.xls[l3WiVuQQFESO8H5GNN0JHJi2Fus=]
28-11-2018 06:35:10 [TMainClassExt] SHA1 EDM.xls[HBL4vyseJwAQYUlIPmE5V1R+3Mc=]
28-11-2018 06:35:10 [TMainClassExt] SHA1 EDRPKEY.xls[AZf335/9HD3a7QK20m+oUcM9h1E=]
28-11-2018 08:45:47 [TMainClassExt] 
28-11-2018 08:45:47 [TMainClassExt] Iniciando...
28-11-2018 08:45:47 [TMainClassExt] 
28-11-2018 08:45:47 [TMainClassExt] InitApp: aplicacion...
28-11-2018 08:45:47 [TMainClassExt] ConectarApplication
28-11-2018 08:45:47 [TMainClassExt] ConnectString: 0030002C0030002C00530041005000420044005F00440061007400650076002C0050004C006F006D0056004900490056
28-11-2018 08:45:51 [TMainClassExt] InitApp: Estructura de datos - SHA1
28-11-2018 08:45:51 [TMainClassExt] SHA1 EDSHA1.xls[l3WiVuQQFESO8H5GNN0JHJi2Fus=]
28-11-2018 08:45:51 [TMainClassExt] SHA1 EDM.xls[HBL4vyseJwAQYUlIPmE5V1R+3Mc=]
28-11-2018 08:45:51 [TMainClassExt] SHA1 EDRPKEY.xls[AZf335/9HD3a7QK20m+oUcM9h1E=]
29-11-2018 12:38:19 [TMainClassExt] 
29-11-2018 12:38:19 [TMainClassExt] Iniciando...
29-11-2018 12:38:19 [TMainClassExt] 
29-11-2018 12:38:19 [TMainClassExt] InitApp: aplicacion...
29-11-2018 12:38:19 [TMainClassExt] ConectarApplication
29-11-2018 12:38:19 [TMainClassExt] ConnectString: 0030002C0030002C00530041005000420044005F00440061007400650076002C0050004C006F006D0056004900490056
29-11-2018 12:38:31 [TMainClassExt] InitApp: Estructura de datos - SHA1
29-11-2018 12:38:31 [TMainClassExt] SHA1 EDSHA1.xls[l3WiVuQQFESO8H5GNN0JHJi2Fus=]
29-11-2018 12:38:32 [TMainClassExt] SHA1 EDM.xls[HBL4vyseJwAQYUlIPmE5V1R+3Mc=]
29-11-2018 12:38:32 [TMainClassExt] SHA1 EDRPKEY.xls[AZf335/9HD3a7QK20m+oUcM9h1E=]
29-11-2018 05:13:51 [TMainClassExt] 
29-11-2018 05:13:51 [TMainClassExt] Iniciando...
29-11-2018 05:13:51 [TMainClassExt] 
29-11-2018 05:13:52 [TMainClassExt] InitApp: aplicacion...
29-11-2018 05:13:52 [TMainClassExt] ConectarApplication
29-11-2018 05:13:52 [TMainClassExt] ConnectString: 0030002C0030002C00530041005000420044005F00440061007400650076002C0050004C006F006D0056004900490056
29-11-2018 05:14:06 [TMainClassExt] InitApp: Estructura de datos - SHA1
29-11-2018 05:14:06 [TMainClassExt] SHA1 EDSHA1.xls[l3WiVuQQFESO8H5GNN0JHJi2Fus=]
29-11-2018 05:14:06 [TMainClassExt] SHA1 EDM.xls[HBL4vyseJwAQYUlIPmE5V1R+3Mc=]
29-11-2018 05:14:06 [TMainClassExt] SHA1 EDRPKEY.xls[AZf335/9HD3a7QK20m+oUcM9h1E=]
13-12-2018 12:59:49 [TMainClassExt] 
13-12-2018 12:59:49 [TMainClassExt] Iniciando...
13-12-2018 12:59:49 [TMainClassExt] 
13-12-2018 12:59:50 [TMainClassExt] InitApp: aplicacion...
13-12-2018 12:59:50 [TMainClassExt] ConectarApplication
13-12-2018 12:59:50 [TMainClassExt] ConnectString: 0030002C0030002C00530041005000420044005F00440061007400650076002C0050004C006F006D0056004900490056
13-12-2018 12:59:52 [TMainClassExt] Error en conexión a SAP SBO. (UI)
Connection - Could not find SBO that match the connection string
 ** Trace:    en SAPbouiCOM.SboGuiApiClass.Connect(String ConnectionStr)
   en VisualD.Main.TMainClass.ConectarApplication() en C:\VisualK\Proyectos\PrismLibDLL\VisualD.Main\..\SBOLib-Source\VisualD.Main.pas:línea 115 **   Str: 0030002C0030002C00530041005000420044005F00440061007400650076002C0050004C006F006D0056004900490056
26-12-2018 12:04:30 [TMainClassExt] 
26-12-2018 12:04:30 [TMainClassExt] Iniciando...
26-12-2018 12:04:30 [TMainClassExt] 
26-12-2018 12:04:31 [TMainClassExt] InitApp: aplicacion...
26-12-2018 12:04:31 [TMainClassExt] ConectarApplication
26-12-2018 12:04:32 [TMainClassExt] ConnectString: 0030002C0030002C00530041005000420044005F00440061007400650076002C0050004C006F006D0056004900490056
26-12-2018 12:04:36 [TMainClassExt] Error en conexión a SAP SBO. (UI)
Connection - Could not find SBO that match the connection string
 ** Trace:    en SAPbouiCOM.SboGuiApiClass.Connect(String ConnectionStr)
   en VisualD.Main.TMainClass.ConectarApplication() en C:\VisualK\Proyectos\PrismLibDLL\VisualD.Main\..\SBOLib-Source\VisualD.Main.pas:línea 115 **   Str: 0030002C0030002C00530041005000420044005F00440061007400650076002C0050004C006F006D0056004900490056
26-12-2018 12:10:41 [TMainClassExt] 
26-12-2018 12:10:41 [TMainClassExt] Iniciando...
26-12-2018 12:10:41 [TMainClassExt] 
26-12-2018 12:10:42 [TMainClassExt] InitApp: aplicacion...
26-12-2018 12:10:42 [TMainClassExt] ConectarApplication
26-12-2018 12:10:42 [TMainClassExt] ConnectString: 0030002C0030002C00530041005000420044005F00440061007400650076002C0050004C006F006D0056004900490056
26-12-2018 12:10:50 [TMainClassExt] Error en conexión a SAP SBO. (UI)
Connection - Could not find SBO that match the connection string
 ** Trace:    en SAPbouiCOM.SboGuiApiClass.Connect(String ConnectionStr)
   en VisualD.Main.TMainClass.ConectarApplication() en C:\VisualK\Proyectos\PrismLibDLL\VisualD.Main\..\SBOLib-Source\VisualD.Main.pas:línea 115 **   Str: 0030002C0030002C00530041005000420044005F00440061007400650076002C0050004C006F006D0056004900490056
26-12-2018 12:23:15 [TMainClassExt] 
26-12-2018 12:23:15 [TMainClassExt] Iniciando...
26-12-2018 12:23:15 [TMainClassExt] 
26-12-2018 12:23:16 [TMainClassExt] InitApp: aplicacion...
26-12-2018 12:23:16 [TMainClassExt] ConectarApplication
26-12-2018 12:23:16 [TMainClassExt] ConnectString: 0030002C0030002C00530041005000420044005F00440061007400650076002C0050004C006F006D0056004900490056
26-12-2018 12:23:26 [TMainClassExt] Error en conexión a SAP SBO. (UI)
Connection - Could not find SBO that match the connection string
 ** Trace:    en SAPbouiCOM.SboGuiApiClass.Connect(String ConnectionStr)
   en VisualD.Main.TMainClass.ConectarApplication() en C:\VisualK\Proyectos\PrismLibDLL\VisualD.Main\..\SBOLib-Source\VisualD.Main.pas:línea 115 **   Str: 0030002C0030002C00530041005000420044005F00440061007400650076002C0050004C006F006D0056004900490056
26-12-2018 12:24:31 [TMainClassExt] 
26-12-2018 12:24:31 [TMainClassExt] Iniciando...
26-12-2018 12:24:31 [TMainClassExt] 
26-12-2018 12:24:32 [TMainClassExt] InitApp: aplicacion...
26-12-2018 12:24:32 [TMainClassExt] ConectarApplication
26-12-2018 12:24:32 [TMainClassExt] ConnectString: 0030002C0030002C00530041005000420044005F00440061007400650076002C0050004C006F006D0056004900490056
26-12-2018 12:24:37 [TMainClassExt] Error en conexión a SAP SBO. (UI)
Connection - Could not find SBO that match the connection string
 ** Trace:    en SAPbouiCOM.SboGuiApiClass.Connect(String ConnectionStr)
   en VisualD.Main.TMainClass.ConectarApplication() en C:\VisualK\Proyectos\PrismLibDLL\VisualD.Main\..\SBOLib-Source\VisualD.Main.pas:línea 115 **   Str: 0030002C0030002C00530041005000420044005F00440061007400650076002C0050004C006F006D0056004900490056
26-12-2018 12:28:09 [TMainClassExt] 
26-12-2018 12:28:09 [TMainClassExt] Iniciando...
26-12-2018 12:28:09 [TMainClassExt] 
26-12-2018 12:28:10 [TMainClassExt] InitApp: aplicacion...
26-12-2018 12:28:10 [TMainClassExt] ConectarApplication
26-12-2018 12:28:10 [TMainClassExt] ConnectString: 0030002C0030002C00530041005000420044005F00440061007400650076002C0050004C006F006D0056004900490056
26-12-2018 12:28:17 [TMainClassExt] Error en conexión a SAP SBO. (UI)
Connection - Could not find SBO that match the connection string
 ** Trace:    en SAPbouiCOM.SboGuiApiClass.Connect(String ConnectionStr)
   en VisualD.Main.TMainClass.ConectarApplication() en C:\VisualK\Proyectos\PrismLibDLL\VisualD.Main\..\SBOLib-Source\VisualD.Main.pas:línea 115 **   Str: 0030002C0030002C00530041005000420044005F00440061007400650076002C0050004C006F006D0056004900490056
30-12-2018 07:19:40 [TMainClassExt] 
30-12-2018 07:19:40 [TMainClassExt] Iniciando...
30-12-2018 07:19:40 [TMainClassExt] 
30-12-2018 07:19:41 [TMainClassExt] InitApp: aplicacion...
30-12-2018 07:19:41 [TMainClassExt] ConectarApplication
30-12-2018 07:19:41 [TMainClassExt] ConnectString: 0030002C0030002C00530041005000420044005F00440061007400650076002C0050004C006F006D0056004900490056
30-12-2018 07:19:57 [TMainClassExt] InitApp: Estructura de datos - SHA1
30-12-2018 07:19:57 [TMainClassExt] SHA1 EDSHA1.xls[l3WiVuQQFESO8H5GNN0JHJi2Fus=]
30-12-2018 07:19:57 [TMainClassExt] SHA1 EDM.xls[HBL4vyseJwAQYUlIPmE5V1R+3Mc=]
30-12-2018 07:19:57 [TMainClassExt] SHA1 EDRPKEY.xls[AZf335/9HD3a7QK20m+oUcM9h1E=]
30-12-2018 07:44:07 [TMainClassExt] 
30-12-2018 07:44:07 [TMainClassExt] Iniciando...
30-12-2018 07:44:07 [TMainClassExt] 
30-12-2018 07:44:08 [TMainClassExt] InitApp: aplicacion...
30-12-2018 07:44:08 [TMainClassExt] ConectarApplication
30-12-2018 07:44:08 [TMainClassExt] ConnectString: 0030002C0030002C00530041005000420044005F00440061007400650076002C0050004C006F006D0056004900490056
30-12-2018 07:44:13 [TMainClassExt] InitApp: Estructura de datos - SHA1
30-12-2018 07:44:13 [TMainClassExt] SHA1 EDSHA1.xls[l3WiVuQQFESO8H5GNN0JHJi2Fus=]
30-12-2018 07:44:13 [TMainClassExt] SHA1 EDM.xls[HBL4vyseJwAQYUlIPmE5V1R+3Mc=]
30-12-2018 07:44:13 [TMainClassExt] SHA1 EDRPKEY.xls[AZf335/9HD3a7QK20m+oUcM9h1E=]
31-12-2018 12:49:21 [TMainClassExt] 
31-12-2018 12:49:21 [TMainClassExt] Iniciando...
31-12-2018 12:49:21 [TMainClassExt] 
31-12-2018 12:49:21 [TMainClassExt] InitApp: aplicacion...
31-12-2018 12:49:21 [TMainClassExt] ConectarApplication
31-12-2018 12:49:21 [TMainClassExt] ConnectString: 0030002C0030002C00530041005000420044005F00440061007400650076002C0050004C006F006D0056004900490056
31-12-2018 12:49:23 [TMainClassExt] Error en conexión a SAP SBO. (UI)
Connection - Could not find SBO that match the connection string
 ** Trace:    en SAPbouiCOM.SboGuiApiClass.Connect(String ConnectionStr)
   en VisualD.Main.TMainClass.ConectarApplication() en C:\VisualK\Proyectos\PrismLibDLL\VisualD.Main\..\SBOLib-Source\VisualD.Main.pas:línea 115 **   Str: 0030002C0030002C00530041005000420044005F00440061007400650076002C0050004C006F006D0056004900490056
31-12-2018 12:51:38 [TMainClassExt] 
31-12-2018 12:51:38 [TMainClassExt] Iniciando...
31-12-2018 12:51:38 [TMainClassExt] 
31-12-2018 12:51:38 [TMainClassExt] InitApp: aplicacion...
31-12-2018 12:51:39 [TMainClassExt] ConectarApplication
31-12-2018 12:51:39 [TMainClassExt] ConnectString: 0030002C0030002C00530041005000420044005F00440061007400650076002C0050004C006F006D0056004900490056
31-12-2018 12:51:40 [TMainClassExt] Error en conexión a SAP SBO. (UI)
Connection - Could not find SBO that match the connection string
 ** Trace:    en SAPbouiCOM.SboGuiApiClass.Connect(String ConnectionStr)
   en VisualD.Main.TMainClass.ConectarApplication() en C:\VisualK\Proyectos\PrismLibDLL\VisualD.Main\..\SBOLib-Source\VisualD.Main.pas:línea 115 **   Str: 0030002C0030002C00530041005000420044005F00440061007400650076002C0050004C006F006D0056004900490056
31-12-2018 12:54:40 [TMainClassExt] 
31-12-2018 12:54:40 [TMainClassExt] Iniciando...
31-12-2018 12:54:40 [TMainClassExt] 
31-12-2018 12:54:41 [TMainClassExt] InitApp: aplicacion...
31-12-2018 12:54:41 [TMainClassExt] ConectarApplication
31-12-2018 12:54:41 [TMainClassExt] ConnectString: 0030002C0030002C00530041005000420044005F00440061007400650076002C0050004C006F006D0056004900490056
31-12-2018 12:54:43 [TMainClassExt] Error en conexión a SAP SBO. (UI)
Connection - Could not find SBO that match the connection string
 ** Trace:    en SAPbouiCOM.SboGuiApiClass.Connect(String ConnectionStr)
   en VisualD.Main.TMainClass.ConectarApplication() en C:\VisualK\Proyectos\PrismLibDLL\VisualD.Main\..\SBOLib-Source\VisualD.Main.pas:línea 115 **   Str: 0030002C0030002C00530041005000420044005F00440061007400650076002C0050004C006F006D0056004900490056
31-12-2018 04:01:10 [TMainClassExt] 
31-12-2018 04:01:10 [TMainClassExt] Iniciando...
31-12-2018 04:01:10 [TMainClassExt] 
31-12-2018 04:01:11 [TMainClassExt] InitApp: aplicacion...
31-12-2018 04:01:11 [TMainClassExt] ConectarApplication
31-12-2018 04:01:11 [TMainClassExt] ConnectString: 0030002C0030002C00530041005000420044005F00440061007400650076002C0050004C006F006D0056004900490056
31-12-2018 04:01:13 [TMainClassExt] Error en conexión a SAP SBO. (UI)
Connection - Could not find SBO that match the connection string
 ** Trace:    en SAPbouiCOM.SboGuiApiClass.Connect(String ConnectionStr)
   en VisualD.Main.TMainClass.ConectarApplication() en C:\VisualK\Proyectos\PrismLibDLL\VisualD.Main\..\SBOLib-Source\VisualD.Main.pas:línea 115 **   Str: 0030002C0030002C00530041005000420044005F00440061007400650076002C0050004C006F006D0056004900490056
07-02-2019 05:27:05 [TMainClassExt] 
07-02-2019 05:27:05 [TMainClassExt] Iniciando...
07-02-2019 05:27:05 [TMainClassExt] 
07-02-2019 05:27:05 [TMainClassExt] InitApp: aplicacion...
07-02-2019 05:27:05 [TMainClassExt] ConectarApplication
07-02-2019 05:27:05 [TMainClassExt] ConnectString: 0030002C0030002C00530041005000420044005F00440061007400650076002C0050004C006F006D0056004900490056
07-02-2019 05:27:17 [TMainClassExt] InitApp: Estructura de datos - SHA1
07-02-2019 05:27:17 [TMainClassExt] SHA1 EDSHA1.xls[l3WiVuQQFESO8H5GNN0JHJi2Fus=]
07-02-2019 05:27:17 [TMainClassExt] SHA1 EDM.xls[HBL4vyseJwAQYUlIPmE5V1R+3Mc=]
07-02-2019 05:27:17 [TMainClassExt] SHA1 EDRPKEY.xls[AZf335/9HD3a7QK20m+oUcM9h1E=]
07-02-2019 06:17:01 [TMainClassExt] 
07-02-2019 06:17:01 [TMainClassExt] Iniciando...
07-02-2019 06:17:01 [TMainClassExt] 
07-02-2019 06:17:02 [TMainClassExt] InitApp: aplicacion...
07-02-2019 06:17:02 [TMainClassExt] ConectarApplication
07-02-2019 06:17:02 [TMainClassExt] ConnectString: 0030002C0030002C00530041005000420044005F00440061007400650076002C0050004C006F006D0056004900490056
07-02-2019 06:17:14 [TMainClassExt] InitApp: Estructura de datos - SHA1
07-02-2019 06:17:15 [TMainClassExt] SHA1 EDSHA1.xls[l3WiVuQQFESO8H5GNN0JHJi2Fus=]
07-02-2019 06:17:15 [TMainClassExt] SHA1 EDM.xls[HBL4vyseJwAQYUlIPmE5V1R+3Mc=]
07-02-2019 06:17:15 [TMainClassExt] SHA1 EDRPKEY.xls[AZf335/9HD3a7QK20m+oUcM9h1E=]
14-09-2020 04:23:09 [TMainClassExt] 
14-09-2020 04:23:09 [TMainClassExt] Iniciando...
14-09-2020 04:23:09 [TMainClassExt] 
14-09-2020 04:23:10 [TMainClassExt] InitApp: aplicacion...
14-09-2020 04:23:10 [TMainClassExt] ConectarApplication
14-09-2020 04:23:10 [TMainClassExt] ConnectString: 0030002C0030002C00530041005000420044005F00440061007400650076002C0050004C006F006D0056004900490056
14-09-2020 04:23:23 [TMainClassExt] InitApp: Estructura de datos - SHA1
14-09-2020 04:23:23 [TMainClassExt] SHA1 EDSHA1.xls[l3WiVuQQFESO8H5GNN0JHJi2Fus=]
14-09-2020 04:23:23 [TMainClassExt] SHA1 EDM.xls[HBL4vyseJwAQYUlIPmE5V1R+3Mc=]
14-09-2020 04:23:23 [TMainClassExt] SHA1 EDRPKEY.xls[AZf335/9HD3a7QK20m+oUcM9h1E=]
14-09-2020 04:24:34 [TMainClassExt] 
14-09-2020 04:24:34 [TMainClassExt] Iniciando...
14-09-2020 04:24:34 [TMainClassExt] 
14-09-2020 04:24:34 [TMainClassExt] InitApp: aplicacion...
14-09-2020 04:24:34 [TMainClassExt] ConectarApplication
14-09-2020 04:24:34 [TMainClassExt] ConnectString: 0030002C0030002C00530041005000420044005F00440061007400650076002C0050004C006F006D0056004900490056
14-09-2020 04:24:40 [TMainClassExt] InitApp: Estructura de datos - SHA1
14-09-2020 04:24:40 [TMainClassExt] SHA1 EDSHA1.xls[l3WiVuQQFESO8H5GNN0JHJi2Fus=]
14-09-2020 04:24:40 [TMainClassExt] SHA1 EDM.xls[HBL4vyseJwAQYUlIPmE5V1R+3Mc=]
14-09-2020 04:24:40 [TMainClassExt] SHA1 EDRPKEY.xls[AZf335/9HD3a7QK20m+oUcM9h1E=]
14-09-2020 05:02:01 [TMainClassExt] 
14-09-2020 05:02:01 [TMainClassExt] Iniciando...
14-09-2020 05:02:01 [TMainClassExt] 
14-09-2020 05:02:02 [TMainClassExt] InitApp: aplicacion...
14-09-2020 05:02:02 [TMainClassExt] ConectarApplication
14-09-2020 05:02:02 [TMainClassExt] ConnectString: 0030002C0030002C00530041005000420044005F00440061007400650076002C0050004C006F006D0056004900490056
14-09-2020 05:02:07 [TMainClassExt] InitApp: Estructura de datos - SHA1
14-09-2020 05:02:08 [TMainClassExt] SHA1 EDSHA1.xls[l3WiVuQQFESO8H5GNN0JHJi2Fus=]
14-09-2020 05:02:08 [TMainClassExt] SHA1 EDM.xls[HBL4vyseJwAQYUlIPmE5V1R+3Mc=]
14-09-2020 05:02:08 [TMainClassExt] SHA1 EDRPKEY.xls[AZf335/9HD3a7QK20m+oUcM9h1E=]
14-09-2020 05:27:48 [TMainClassExt] 
14-09-2020 05:27:48 [TMainClassExt] Iniciando...
14-09-2020 05:27:48 [TMainClassExt] 
14-09-2020 05:27:49 [TMainClassExt] InitApp: aplicacion...
14-09-2020 05:27:49 [TMainClassExt] ConectarApplication
14-09-2020 05:27:49 [TMainClassExt] ConnectString: 0030002C0030002C00530041005000420044005F00440061007400650076002C0050004C006F006D0056004900490056
14-09-2020 05:27:56 [TMainClassExt] InitApp: Estructura de datos - SHA1
14-09-2020 05:27:56 [TMainClassExt] SHA1 EDSHA1.xls[l3WiVuQQFESO8H5GNN0JHJi2Fus=]
14-09-2020 05:27:56 [TMainClassExt] SHA1 EDM.xls[HBL4vyseJwAQYUlIPmE5V1R+3Mc=]
14-09-2020 05:27:56 [TMainClassExt] SHA1 EDRPKEY.xls[AZf335/9HD3a7QK20m+oUcM9h1E=]
14-09-2020 05:33:04 [TMainClassExt] 
14-09-2020 05:33:04 [TMainClassExt] Iniciando...
14-09-2020 05:33:04 [TMainClassExt] 
14-09-2020 05:33:04 [TMainClassExt] InitApp: aplicacion...
14-09-2020 05:33:04 [TMainClassExt] ConectarApplication
14-09-2020 05:33:04 [TMainClassExt] ConnectString: 0030002C0030002C00530041005000420044005F00440061007400650076002C0050004C006F006D0056004900490056
14-09-2020 05:33:10 [TMainClassExt] InitApp: Estructura de datos - SHA1
14-09-2020 05:33:10 [TMainClassExt] SHA1 EDSHA1.xls[l3WiVuQQFESO8H5GNN0JHJi2Fus=]
14-09-2020 05:33:10 [TMainClassExt] SHA1 EDM.xls[HBL4vyseJwAQYUlIPmE5V1R+3Mc=]
14-09-2020 05:33:10 [TMainClassExt] SHA1 EDRPKEY.xls[AZf335/9HD3a7QK20m+oUcM9h1E=]
14-09-2020 06:03:28 [TMainClassExt] 
14-09-2020 06:03:28 [TMainClassExt] Iniciando...
14-09-2020 06:03:28 [TMainClassExt] 
14-09-2020 06:03:29 [TMainClassExt] InitApp: aplicacion...
14-09-2020 06:03:29 [TMainClassExt] ConectarApplication
14-09-2020 06:03:29 [TMainClassExt] ConnectString: 0030002C0030002C00530041005000420044005F00440061007400650076002C0050004C006F006D0056004900490056
14-09-2020 06:08:34 [TMainClassExt] InitApp: Estructura de datos - SHA1
14-09-2020 06:08:34 [TMainClassExt] SHA1 EDSHA1.xls[l3WiVuQQFESO8H5GNN0JHJi2Fus=]
14-09-2020 06:08:34 [TMainClassExt] SHA1 EDM.xls[HBL4vyseJwAQYUlIPmE5V1R+3Mc=]
14-09-2020 06:08:34 [TMainClassExt] SHA1 EDRPKEY.xls[AZf335/9HD3a7QK20m+oUcM9h1E=]
14-09-2020 06:23:44 [TMainClassExt] 
14-09-2020 06:23:44 [TMainClassExt] Iniciando...
14-09-2020 06:23:44 [TMainClassExt] 
14-09-2020 06:23:44 [TMainClassExt] InitApp: aplicacion...
14-09-2020 06:23:45 [TMainClassExt] ConectarApplication
14-09-2020 06:23:45 [TMainClassExt] ConnectString: 0030002C0030002C00530041005000420044005F00440061007400650076002C0050004C006F006D0056004900490056
14-09-2020 06:23:50 [TMainClassExt] InitApp: Estructura de datos - SHA1
14-09-2020 06:23:50 [TMainClassExt] SHA1 EDSHA1.xls[l3WiVuQQFESO8H5GNN0JHJi2Fus=]
14-09-2020 06:23:50 [TMainClassExt] SHA1 EDM.xls[HBL4vyseJwAQYUlIPmE5V1R+3Mc=]
14-09-2020 06:23:50 [TMainClassExt] SHA1 EDRPKEY.xls[AZf335/9HD3a7QK20m+oUcM9h1E=]
